{
  "uid" : "5259e54f187b910c",
  "name" : "Invalid security level input is rejected",
  "fullName" : "Security Level Configuration: Invalid security level input is rejected",
  "historyId" : "0e38a87f254fef04a9010c520916b06a",
  "time" : {
    "start" : 1746711082496,
    "stop" : 1746711083075,
    "duration" : 579
  },
  "status" : "failed",
  "statusMessage" : "AssertionError: STEP: Given the TrustPoint component \"TP_Client_01\" is selected\n",
  "statusTrace" : "  File \"/home/runner/work/trustpoint/trustpoint/.venv/lib/python3.12/site-packages/behave/model.py\", line 1909, in run\n    match.run(runner.context)\n  File \"/home/runner/work/trustpoint/trustpoint/.venv/lib/python3.12/site-packages/behave/matchers.py\", line 104, in run\n    self.func(context, *args, **kwargs)\n  File \"trustpoint/features/steps/r_101_steps.py\", line 15, in step_given_component_selected\n    raise AssertionError(msg)\n",
  "flaky" : false,
  "newFailed" : false,
  "beforeStages" : [ ],
  "testStage" : {
    "status" : "failed",
    "statusMessage" : "AssertionError: STEP: Given the TrustPoint component \"TP_Client_01\" is selected\n",
    "statusTrace" : "  File \"/home/runner/work/trustpoint/trustpoint/.venv/lib/python3.12/site-packages/behave/model.py\", line 1909, in run\n    match.run(runner.context)\n  File \"/home/runner/work/trustpoint/trustpoint/.venv/lib/python3.12/site-packages/behave/matchers.py\", line 104, in run\n    self.func(context, *args, **kwargs)\n  File \"trustpoint/features/steps/r_101_steps.py\", line 15, in step_given_component_selected\n    raise AssertionError(msg)\n",
    "steps" : [ {
      "name" : "Given the admin user is logged into TPC_Web",
      "time" : {
        "start" : 1746711082499,
        "stop" : 1746711083042,
        "duration" : 543
      },
      "status" : "passed",
      "steps" : [ ],
      "attachments" : [ ],
      "parameters" : [ ],
      "stepsCount" : 0,
      "attachmentsCount" : 0,
      "shouldDisplayMessage" : false,
      "hasContent" : false
    }, {
      "name" : "Given the TrustPoint component \"TP_Client_01\" is selected",
      "time" : {
        "start" : 1746711083042,
        "stop" : 1746711083042,
        "duration" : 0
      },
      "status" : "failed",
      "statusMessage" : "AssertionError: STEP: Given the TrustPoint component \"TP_Client_01\" is selected\n",
      "statusTrace" : "  File \"/home/runner/work/trustpoint/trustpoint/.venv/lib/python3.12/site-packages/behave/model.py\", line 1909, in run\n    match.run(runner.context)\n  File \"/home/runner/work/trustpoint/trustpoint/.venv/lib/python3.12/site-packages/behave/matchers.py\", line 104, in run\n    self.func(context, *args, **kwargs)\n  File \"trustpoint/features/steps/r_101_steps.py\", line 15, in step_given_component_selected\n    raise AssertionError(msg)\n",
      "steps" : [ ],
      "attachments" : [ ],
      "parameters" : [ ],
      "stepsCount" : 0,
      "attachmentsCount" : 0,
      "shouldDisplayMessage" : true,
      "hasContent" : true
    }, {
      "name" : "When the admin sets the security level to \"UltraSecure\"",
      "time" : {
        "start" : 1746711083075,
        "stop" : 1746711083075,
        "duration" : 0
      },
      "status" : "skipped",
      "steps" : [ ],
      "attachments" : [ ],
      "parameters" : [ ],
      "stepsCount" : 0,
      "attachmentsCount" : 0,
      "shouldDisplayMessage" : false,
      "hasContent" : false
    }, {
      "name" : "Then the system should reject the input with error \"Invalid security level\"",
      "time" : {
        "start" : 1746711083075,
        "stop" : 1746711083075,
        "duration" : 0
      },
      "status" : "skipped",
      "steps" : [ ],
      "attachments" : [ ],
      "parameters" : [ ],
      "stepsCount" : 0,
      "attachmentsCount" : 0,
      "shouldDisplayMessage" : false,
      "hasContent" : false
    } ],
    "attachments" : [ ],
    "parameters" : [ ],
    "stepsCount" : 4,
    "attachmentsCount" : 0,
    "shouldDisplayMessage" : false,
    "hasContent" : true
  },
  "afterStages" : [ ],
  "labels" : [ {
    "name" : "severity",
    "value" : "normal"
  }, {
    "name" : "feature",
    "value" : "Security Level Configuration"
  }, {
    "name" : "framework",
    "value" : "behave"
  }, {
    "name" : "language",
    "value" : "cpython3"
  }, {
    "name" : "resultFormat",
    "value" : "allure2"
  } ],
  "parameters" : [ ],
  "links" : [ ],
  "hidden" : false,
  "retry" : false,
  "extra" : {
    "severity" : "normal",
    "retries" : [ ],
    "categories" : [ {
      "name" : "Product defects",
      "matchedStatuses" : [ ],
      "flaky" : false
    } ],
    "history" : {
      "statistic" : {
        "failed" : 3,
        "broken" : 0,
        "skipped" : 0,
        "passed" : 0,
        "unknown" : 0,
        "total" : 3
      },
      "items" : [ {
        "uid" : "85e2f5895c763ac5",
        "reportUrl" : "https://Trustpoint-Project.github.io/trustpoint/21/#testresult/85e2f5895c763ac5",
        "status" : "failed",
        "statusDetails" : "AssertionError: STEP: Given the TrustPoint component \"TP_Client_01\" is selected\n",
        "time" : {
          "start" : 1746710248174,
          "stop" : 1746710248753,
          "duration" : 579
        }
      }, {
        "uid" : "632d81bb4ba233db",
        "reportUrl" : "https://Trustpoint-Project.github.io/trustpoint/20/#testresult/632d81bb4ba233db",
        "status" : "failed",
        "statusDetails" : "AssertionError: STEP: Given the TrustPoint component \"TP_Client_01\" is selected\n",
        "time" : {
          "start" : 1746709794201,
          "stop" : 1746709794776,
          "duration" : 575
        }
      } ]
    },
    "tags" : [ ]
  },
  "source" : "5259e54f187b910c.json",
  "parameterValues" : [ ]
}