{
  "uid" : "72fb3b40499c56c4",
  "name" : "Verifying the system update mechanism",
  "fullName" : "Backup, Restore, and Update Mechanisms: Verifying the system update mechanism",
  "historyId" : "af31ffb5bc9ca74b3f2eca8136f7cc88",
  "time" : {
    "start" : 1746711067147,
    "stop" : 1746711067717,
    "duration" : 570
  },
  "status" : "failed",
  "statusMessage" : "AssertionError: STEP: When the admin triggers a system update\n",
  "statusTrace" : "  File \"/home/runner/work/trustpoint/trustpoint/.venv/lib/python3.12/site-packages/behave/model.py\", line 1909, in run\n    match.run(runner.context)\n  File \"/home/runner/work/trustpoint/trustpoint/.venv/lib/python3.12/site-packages/behave/matchers.py\", line 104, in run\n    self.func(context, *args, **kwargs)\n  File \"trustpoint/features/steps/r_006_steps.py\", line 82, in step_when_admin_triggers_update\n    raise AssertionError(msg)\n",
  "flaky" : false,
  "newFailed" : false,
  "beforeStages" : [ ],
  "testStage" : {
    "status" : "failed",
    "statusMessage" : "AssertionError: STEP: When the admin triggers a system update\n",
    "statusTrace" : "  File \"/home/runner/work/trustpoint/trustpoint/.venv/lib/python3.12/site-packages/behave/model.py\", line 1909, in run\n    match.run(runner.context)\n  File \"/home/runner/work/trustpoint/trustpoint/.venv/lib/python3.12/site-packages/behave/matchers.py\", line 104, in run\n    self.func(context, *args, **kwargs)\n  File \"trustpoint/features/steps/r_006_steps.py\", line 82, in step_when_admin_triggers_update\n    raise AssertionError(msg)\n",
    "steps" : [ {
      "name" : "Given the admin user is logged into TPC_Web",
      "time" : {
        "start" : 1746711067149,
        "stop" : 1746711067689,
        "duration" : 540
      },
      "status" : "passed",
      "steps" : [ ],
      "attachments" : [ ],
      "parameters" : [ ],
      "stepsCount" : 0,
      "attachmentsCount" : 0,
      "shouldDisplayMessage" : false,
      "hasContent" : false
    }, {
      "name" : "When the admin triggers a system update",
      "time" : {
        "start" : 1746711067689,
        "stop" : 1746711067689,
        "duration" : 0
      },
      "status" : "failed",
      "statusMessage" : "AssertionError: STEP: When the admin triggers a system update\n",
      "statusTrace" : "  File \"/home/runner/work/trustpoint/trustpoint/.venv/lib/python3.12/site-packages/behave/model.py\", line 1909, in run\n    match.run(runner.context)\n  File \"/home/runner/work/trustpoint/trustpoint/.venv/lib/python3.12/site-packages/behave/matchers.py\", line 104, in run\n    self.func(context, *args, **kwargs)\n  File \"trustpoint/features/steps/r_006_steps.py\", line 82, in step_when_admin_triggers_update\n    raise AssertionError(msg)\n",
      "steps" : [ ],
      "attachments" : [ ],
      "parameters" : [ ],
      "stepsCount" : 0,
      "attachmentsCount" : 0,
      "shouldDisplayMessage" : true,
      "hasContent" : true
    }, {
      "name" : "Then the system downloads and applies the update",
      "time" : {
        "start" : 1746711067717,
        "stop" : 1746711067717,
        "duration" : 0
      },
      "status" : "skipped",
      "steps" : [ ],
      "attachments" : [ ],
      "parameters" : [ ],
      "stepsCount" : 0,
      "attachmentsCount" : 0,
      "shouldDisplayMessage" : false,
      "hasContent" : false
    }, {
      "name" : "And the system verifies the integrity and functionality post-update",
      "time" : {
        "start" : 1746711067717,
        "stop" : 1746711067717,
        "duration" : 0
      },
      "status" : "skipped",
      "steps" : [ ],
      "attachments" : [ ],
      "parameters" : [ ],
      "stepsCount" : 0,
      "attachmentsCount" : 0,
      "shouldDisplayMessage" : false,
      "hasContent" : false
    } ],
    "attachments" : [ ],
    "parameters" : [ ],
    "stepsCount" : 4,
    "attachmentsCount" : 0,
    "shouldDisplayMessage" : false,
    "hasContent" : true
  },
  "afterStages" : [ ],
  "labels" : [ {
    "name" : "severity",
    "value" : "normal"
  }, {
    "name" : "feature",
    "value" : "Backup, Restore, and Update Mechanisms"
  }, {
    "name" : "framework",
    "value" : "behave"
  }, {
    "name" : "language",
    "value" : "cpython3"
  }, {
    "name" : "resultFormat",
    "value" : "allure2"
  } ],
  "parameters" : [ ],
  "links" : [ ],
  "hidden" : false,
  "retry" : false,
  "extra" : {
    "severity" : "normal",
    "retries" : [ ],
    "categories" : [ {
      "name" : "Product defects",
      "matchedStatuses" : [ ],
      "flaky" : false
    } ],
    "history" : {
      "statistic" : {
        "failed" : 3,
        "broken" : 0,
        "skipped" : 0,
        "passed" : 0,
        "unknown" : 0,
        "total" : 3
      },
      "items" : [ {
        "uid" : "427f933f8746539",
        "reportUrl" : "https://Trustpoint-Project.github.io/trustpoint/21/#testresult/427f933f8746539",
        "status" : "failed",
        "statusDetails" : "AssertionError: STEP: When the admin triggers a system update\n",
        "time" : {
          "start" : 1746710232938,
          "stop" : 1746710233508,
          "duration" : 570
        }
      }, {
        "uid" : "d245ad78c4f802d",
        "reportUrl" : "https://Trustpoint-Project.github.io/trustpoint/20/#testresult/d245ad78c4f802d",
        "status" : "failed",
        "statusDetails" : "AssertionError: STEP: When the admin triggers a system update\n",
        "time" : {
          "start" : 1746709779068,
          "stop" : 1746709779635,
          "duration" : 567
        }
      } ]
    },
    "tags" : [ ]
  },
  "source" : "72fb3b40499c56c4.json",
  "parameterValues" : [ ]
}