{
  "uid" : "a8876d85581496c8",
  "name" : "Attempt to renew a revoked certificate -- @1.1 ",
  "fullName" : "Certificate lifecycle management via TPC_Web: Attempt to renew a revoked certificate",
  "historyId" : "307a59b6ec9b76ba311e89b2d0fdcf4c",
  "time" : {
    "start" : 1746711063375,
    "stop" : 1746711063952,
    "duration" : 577
  },
  "status" : "failed",
  "statusMessage" : "AssertionError: Step not implemented: Set certificate to revoked state.\n",
  "statusTrace" : "  File \"/home/runner/work/trustpoint/trustpoint/.venv/lib/python3.12/site-packages/behave/model.py\", line 1909, in run\n    match.run(runner.context)\n  File \"/home/runner/work/trustpoint/trustpoint/.venv/lib/python3.12/site-packages/behave/matchers.py\", line 104, in run\n    self.func(context, *args, **kwargs)\n  File \"trustpoint/features/steps/r_003_steps.py\", line 39, in step_certificate_revoked\n    raise AssertionError(msg)\n",
  "flaky" : false,
  "newFailed" : false,
  "beforeStages" : [ ],
  "testStage" : {
    "status" : "failed",
    "statusMessage" : "AssertionError: Step not implemented: Set certificate to revoked state.\n",
    "statusTrace" : "  File \"/home/runner/work/trustpoint/trustpoint/.venv/lib/python3.12/site-packages/behave/model.py\", line 1909, in run\n    match.run(runner.context)\n  File \"/home/runner/work/trustpoint/trustpoint/.venv/lib/python3.12/site-packages/behave/matchers.py\", line 104, in run\n    self.func(context, *args, **kwargs)\n  File \"trustpoint/features/steps/r_003_steps.py\", line 39, in step_certificate_revoked\n    raise AssertionError(msg)\n",
    "steps" : [ {
      "name" : "Given the admin user is logged into TPC_Web",
      "time" : {
        "start" : 1746711063377,
        "stop" : 1746711063924,
        "duration" : 547
      },
      "status" : "passed",
      "steps" : [ ],
      "attachments" : [ ],
      "parameters" : [ ],
      "stepsCount" : 0,
      "attachmentsCount" : 0,
      "shouldDisplayMessage" : false,
      "hasContent" : false
    }, {
      "name" : "Given the certificate CERT3131 exists and is revoked",
      "time" : {
        "start" : 1746711063925,
        "stop" : 1746711063925,
        "duration" : 0
      },
      "status" : "failed",
      "statusMessage" : "AssertionError: Step not implemented: Set certificate to revoked state.\n",
      "statusTrace" : "  File \"/home/runner/work/trustpoint/trustpoint/.venv/lib/python3.12/site-packages/behave/model.py\", line 1909, in run\n    match.run(runner.context)\n  File \"/home/runner/work/trustpoint/trustpoint/.venv/lib/python3.12/site-packages/behave/matchers.py\", line 104, in run\n    self.func(context, *args, **kwargs)\n  File \"trustpoint/features/steps/r_003_steps.py\", line 39, in step_certificate_revoked\n    raise AssertionError(msg)\n",
      "steps" : [ ],
      "attachments" : [ ],
      "parameters" : [ ],
      "stepsCount" : 0,
      "attachmentsCount" : 0,
      "shouldDisplayMessage" : true,
      "hasContent" : true
    }, {
      "name" : "When the admin attempts to renew the certificate CERT3131",
      "time" : {
        "start" : 1746711063952,
        "stop" : 1746711063952,
        "duration" : 0
      },
      "status" : "skipped",
      "steps" : [ ],
      "attachments" : [ ],
      "parameters" : [ ],
      "stepsCount" : 0,
      "attachmentsCount" : 0,
      "shouldDisplayMessage" : false,
      "hasContent" : false
    }, {
      "name" : "Then the system should display an error message stating \"Certificate renewal not allowed for revoked certificates\"",
      "time" : {
        "start" : 1746711063952,
        "stop" : 1746711063952,
        "duration" : 0
      },
      "status" : "skipped",
      "steps" : [ ],
      "attachments" : [ ],
      "parameters" : [ ],
      "stepsCount" : 0,
      "attachmentsCount" : 0,
      "shouldDisplayMessage" : false,
      "hasContent" : false
    } ],
    "attachments" : [ ],
    "parameters" : [ ],
    "stepsCount" : 4,
    "attachmentsCount" : 0,
    "shouldDisplayMessage" : false,
    "hasContent" : true
  },
  "afterStages" : [ ],
  "labels" : [ {
    "name" : "severity",
    "value" : "normal"
  }, {
    "name" : "feature",
    "value" : "Certificate lifecycle management via TPC_Web"
  }, {
    "name" : "framework",
    "value" : "behave"
  }, {
    "name" : "language",
    "value" : "cpython3"
  }, {
    "name" : "resultFormat",
    "value" : "allure2"
  } ],
  "parameters" : [ {
    "name" : "certificate_id",
    "value" : "CERT3131"
  } ],
  "links" : [ ],
  "hidden" : false,
  "retry" : false,
  "extra" : {
    "severity" : "normal",
    "retries" : [ ],
    "categories" : [ {
      "name" : "Product defects",
      "matchedStatuses" : [ ],
      "flaky" : false
    } ],
    "history" : {
      "statistic" : {
        "failed" : 3,
        "broken" : 0,
        "skipped" : 0,
        "passed" : 0,
        "unknown" : 0,
        "total" : 3
      },
      "items" : [ {
        "uid" : "ab0a09417c7f678e",
        "reportUrl" : "https://Trustpoint-Project.github.io/trustpoint/21/#testresult/ab0a09417c7f678e",
        "status" : "failed",
        "statusDetails" : "AssertionError: Step not implemented: Set certificate to revoked state.\n",
        "time" : {
          "start" : 1746710229194,
          "stop" : 1746710229768,
          "duration" : 574
        }
      }, {
        "uid" : "d4b275032fb36a41",
        "reportUrl" : "https://Trustpoint-Project.github.io/trustpoint/20/#testresult/d4b275032fb36a41",
        "status" : "failed",
        "statusDetails" : "AssertionError: Step not implemented: Set certificate to revoked state.\n",
        "time" : {
          "start" : 1746709775280,
          "stop" : 1746709775847,
          "duration" : 567
        }
      } ]
    },
    "tags" : [ ]
  },
  "source" : "a8876d85581496c8.json",
  "parameterValues" : [ "CERT3131" ]
}