{
  "uid" : "a9ba203afa63024a",
  "name" : "Authorized user accesses certificate templates -- @1.1 ",
  "fullName" : "Certificate Template Security: Authorized user accesses certificate templates",
  "historyId" : "8c565dc2571393aaa925fbe732b53ee9",
  "time" : {
    "start" : 1746711084816,
    "stop" : 1746711085395,
    "duration" : 579
  },
  "status" : "failed",
  "statusMessage" : "AssertionError: STEP: Given the user has role Admin\n",
  "statusTrace" : "  File \"/home/runner/work/trustpoint/trustpoint/.venv/lib/python3.12/site-packages/behave/model.py\", line 1909, in run\n    match.run(runner.context)\n  File \"/home/runner/work/trustpoint/trustpoint/.venv/lib/python3.12/site-packages/behave/matchers.py\", line 104, in run\n    self.func(context, *args, **kwargs)\n  File \"trustpoint/features/steps/r_102_steps.py\", line 15, in step_given_user_role\n    raise AssertionError(msg)\n",
  "flaky" : false,
  "newFailed" : false,
  "beforeStages" : [ ],
  "testStage" : {
    "status" : "failed",
    "statusMessage" : "AssertionError: STEP: Given the user has role Admin\n",
    "statusTrace" : "  File \"/home/runner/work/trustpoint/trustpoint/.venv/lib/python3.12/site-packages/behave/model.py\", line 1909, in run\n    match.run(runner.context)\n  File \"/home/runner/work/trustpoint/trustpoint/.venv/lib/python3.12/site-packages/behave/matchers.py\", line 104, in run\n    self.func(context, *args, **kwargs)\n  File \"trustpoint/features/steps/r_102_steps.py\", line 15, in step_given_user_role\n    raise AssertionError(msg)\n",
    "steps" : [ {
      "name" : "Given the admin user is logged into TPC_Web",
      "time" : {
        "start" : 1746711084818,
        "stop" : 1746711085361,
        "duration" : 543
      },
      "status" : "passed",
      "steps" : [ ],
      "attachments" : [ ],
      "parameters" : [ ],
      "stepsCount" : 0,
      "attachmentsCount" : 0,
      "shouldDisplayMessage" : false,
      "hasContent" : false
    }, {
      "name" : "Given the user has role Admin",
      "time" : {
        "start" : 1746711085361,
        "stop" : 1746711085362,
        "duration" : 1
      },
      "status" : "failed",
      "statusMessage" : "AssertionError: STEP: Given the user has role Admin\n",
      "statusTrace" : "  File \"/home/runner/work/trustpoint/trustpoint/.venv/lib/python3.12/site-packages/behave/model.py\", line 1909, in run\n    match.run(runner.context)\n  File \"/home/runner/work/trustpoint/trustpoint/.venv/lib/python3.12/site-packages/behave/matchers.py\", line 104, in run\n    self.func(context, *args, **kwargs)\n  File \"trustpoint/features/steps/r_102_steps.py\", line 15, in step_given_user_role\n    raise AssertionError(msg)\n",
      "steps" : [ ],
      "attachments" : [ ],
      "parameters" : [ ],
      "stepsCount" : 0,
      "attachmentsCount" : 0,
      "shouldDisplayMessage" : true,
      "hasContent" : true
    }, {
      "name" : "When the user attempts to access certificate templates",
      "time" : {
        "start" : 1746711085395,
        "stop" : 1746711085395,
        "duration" : 0
      },
      "status" : "skipped",
      "steps" : [ ],
      "attachments" : [ ],
      "parameters" : [ ],
      "stepsCount" : 0,
      "attachmentsCount" : 0,
      "shouldDisplayMessage" : false,
      "hasContent" : false
    }, {
      "name" : "Then access should be granted",
      "time" : {
        "start" : 1746711085395,
        "stop" : 1746711085395,
        "duration" : 0
      },
      "status" : "skipped",
      "steps" : [ ],
      "attachments" : [ ],
      "parameters" : [ ],
      "stepsCount" : 0,
      "attachmentsCount" : 0,
      "shouldDisplayMessage" : false,
      "hasContent" : false
    } ],
    "attachments" : [ ],
    "parameters" : [ ],
    "stepsCount" : 4,
    "attachmentsCount" : 0,
    "shouldDisplayMessage" : false,
    "hasContent" : true
  },
  "afterStages" : [ ],
  "labels" : [ {
    "name" : "severity",
    "value" : "normal"
  }, {
    "name" : "feature",
    "value" : "Certificate Template Security"
  }, {
    "name" : "framework",
    "value" : "behave"
  }, {
    "name" : "language",
    "value" : "cpython3"
  }, {
    "name" : "resultFormat",
    "value" : "allure2"
  } ],
  "parameters" : [ {
    "name" : "access_outcome",
    "value" : "granted"
  }, {
    "name" : "role",
    "value" : "Admin"
  } ],
  "links" : [ ],
  "hidden" : false,
  "retry" : false,
  "extra" : {
    "severity" : "normal",
    "retries" : [ ],
    "categories" : [ {
      "name" : "Product defects",
      "matchedStatuses" : [ ],
      "flaky" : false
    } ],
    "history" : {
      "statistic" : {
        "failed" : 3,
        "broken" : 0,
        "skipped" : 0,
        "passed" : 0,
        "unknown" : 0,
        "total" : 3
      },
      "items" : [ {
        "uid" : "2b017f6213f6e33b",
        "reportUrl" : "https://Trustpoint-Project.github.io/trustpoint/21/#testresult/2b017f6213f6e33b",
        "status" : "failed",
        "statusDetails" : "AssertionError: STEP: Given the user has role Admin\n",
        "time" : {
          "start" : 1746710250484,
          "stop" : 1746710251063,
          "duration" : 579
        }
      }, {
        "uid" : "2922300e8c6bdce0",
        "reportUrl" : "https://Trustpoint-Project.github.io/trustpoint/20/#testresult/2922300e8c6bdce0",
        "status" : "failed",
        "statusDetails" : "AssertionError: STEP: Given the user has role Admin\n",
        "time" : {
          "start" : 1746709796505,
          "stop" : 1746709797081,
          "duration" : 576
        }
      } ]
    },
    "tags" : [ ]
  },
  "source" : "a9ba203afa63024a.json",
  "parameterValues" : [ "granted", "Admin" ]
}