{
  "uid" : "d3f65130e0dfb2f9",
  "name" : "Create a new identity -- @1.2 ",
  "fullName" : "Manage digital identities via TPC_Web: Create a new identity",
  "historyId" : "05d56a8d2f736c1abf6a098363ebc7c5",
  "time" : {
    "start" : 1746711055352,
    "stop" : 1746711055920,
    "duration" : 568
  },
  "status" : "failed",
  "statusMessage" : "AssertionError: Step not implemented: Navigate to Create Identity page.\n",
  "statusTrace" : "  File \"/home/runner/work/trustpoint/trustpoint/.venv/lib/python3.12/site-packages/behave/model.py\", line 1909, in run\n    match.run(runner.context)\n  File \"/home/runner/work/trustpoint/trustpoint/.venv/lib/python3.12/site-packages/behave/matchers.py\", line 104, in run\n    self.func(context, *args, **kwargs)\n  File \"trustpoint/features/steps/r_001_steps.py\", line 52, in step_navigate_create_identity\n    raise AssertionError(msg)\n",
  "flaky" : false,
  "newFailed" : false,
  "beforeStages" : [ ],
  "testStage" : {
    "status" : "failed",
    "statusMessage" : "AssertionError: Step not implemented: Navigate to Create Identity page.\n",
    "statusTrace" : "  File \"/home/runner/work/trustpoint/trustpoint/.venv/lib/python3.12/site-packages/behave/model.py\", line 1909, in run\n    match.run(runner.context)\n  File \"/home/runner/work/trustpoint/trustpoint/.venv/lib/python3.12/site-packages/behave/matchers.py\", line 104, in run\n    self.func(context, *args, **kwargs)\n  File \"trustpoint/features/steps/r_001_steps.py\", line 52, in step_navigate_create_identity\n    raise AssertionError(msg)\n",
    "steps" : [ {
      "name" : "Given the admin user is logged into TPC_Web",
      "time" : {
        "start" : 1746711055354,
        "stop" : 1746711055893,
        "duration" : 539
      },
      "status" : "passed",
      "steps" : [ ],
      "attachments" : [ ],
      "parameters" : [ ],
      "stepsCount" : 0,
      "attachmentsCount" : 0,
      "shouldDisplayMessage" : false,
      "hasContent" : false
    }, {
      "name" : "When the admin navigates to the \"Create Identity\" page",
      "time" : {
        "start" : 1746711055893,
        "stop" : 1746711055893,
        "duration" : 0
      },
      "status" : "failed",
      "statusMessage" : "AssertionError: Step not implemented: Navigate to Create Identity page.\n",
      "statusTrace" : "  File \"/home/runner/work/trustpoint/trustpoint/.venv/lib/python3.12/site-packages/behave/model.py\", line 1909, in run\n    match.run(runner.context)\n  File \"/home/runner/work/trustpoint/trustpoint/.venv/lib/python3.12/site-packages/behave/matchers.py\", line 104, in run\n    self.func(context, *args, **kwargs)\n  File \"trustpoint/features/steps/r_001_steps.py\", line 52, in step_navigate_create_identity\n    raise AssertionError(msg)\n",
      "steps" : [ ],
      "attachments" : [ ],
      "parameters" : [ ],
      "stepsCount" : 0,
      "attachmentsCount" : 0,
      "shouldDisplayMessage" : true,
      "hasContent" : true
    }, {
      "name" : "And the admin fills in the identity details with BobID and ID5678",
      "time" : {
        "start" : 1746711055920,
        "stop" : 1746711055920,
        "duration" : 0
      },
      "status" : "skipped",
      "steps" : [ ],
      "attachments" : [ ],
      "parameters" : [ ],
      "stepsCount" : 0,
      "attachmentsCount" : 0,
      "shouldDisplayMessage" : false,
      "hasContent" : false
    }, {
      "name" : "And the admin submits the form",
      "time" : {
        "start" : 1746711055920,
        "stop" : 1746711055920,
        "duration" : 0
      },
      "status" : "skipped",
      "steps" : [ ],
      "attachments" : [ ],
      "parameters" : [ ],
      "stepsCount" : 0,
      "attachmentsCount" : 0,
      "shouldDisplayMessage" : false,
      "hasContent" : false
    }, {
      "name" : "Then the system should display a confirmation message",
      "time" : {
        "start" : 1746711055920,
        "stop" : 1746711055920,
        "duration" : 0
      },
      "status" : "skipped",
      "steps" : [ ],
      "attachments" : [ ],
      "parameters" : [ ],
      "stepsCount" : 0,
      "attachmentsCount" : 0,
      "shouldDisplayMessage" : false,
      "hasContent" : false
    }, {
      "name" : "And the new identity BobID with ID5678 should appear in the identity list",
      "time" : {
        "start" : 1746711055920,
        "stop" : 1746711055920,
        "duration" : 0
      },
      "status" : "skipped",
      "steps" : [ ],
      "attachments" : [ ],
      "parameters" : [ ],
      "stepsCount" : 0,
      "attachmentsCount" : 0,
      "shouldDisplayMessage" : false,
      "hasContent" : false
    } ],
    "attachments" : [ ],
    "parameters" : [ ],
    "stepsCount" : 6,
    "attachmentsCount" : 0,
    "shouldDisplayMessage" : false,
    "hasContent" : true
  },
  "afterStages" : [ ],
  "labels" : [ {
    "name" : "severity",
    "value" : "normal"
  }, {
    "name" : "feature",
    "value" : "Manage digital identities via TPC_Web"
  }, {
    "name" : "framework",
    "value" : "behave"
  }, {
    "name" : "language",
    "value" : "cpython3"
  }, {
    "name" : "resultFormat",
    "value" : "allure2"
  } ],
  "parameters" : [ {
    "name" : "identifier",
    "value" : "ID5678"
  }, {
    "name" : "name",
    "value" : "BobID"
  } ],
  "links" : [ ],
  "hidden" : false,
  "retry" : false,
  "extra" : {
    "severity" : "normal",
    "retries" : [ ],
    "categories" : [ {
      "name" : "Product defects",
      "matchedStatuses" : [ ],
      "flaky" : false
    } ],
    "history" : {
      "statistic" : {
        "failed" : 3,
        "broken" : 0,
        "skipped" : 0,
        "passed" : 0,
        "unknown" : 0,
        "total" : 3
      },
      "items" : [ {
        "uid" : "244fa0a6f1322d9c",
        "reportUrl" : "https://Trustpoint-Project.github.io/trustpoint/21/#testresult/244fa0a6f1322d9c",
        "status" : "failed",
        "statusDetails" : "AssertionError: Step not implemented: Navigate to Create Identity page.\n",
        "time" : {
          "start" : 1746710221212,
          "stop" : 1746710221776,
          "duration" : 564
        }
      }, {
        "uid" : "9cbead9ed11229b8",
        "reportUrl" : "https://Trustpoint-Project.github.io/trustpoint/20/#testresult/9cbead9ed11229b8",
        "status" : "failed",
        "statusDetails" : "AssertionError: Step not implemented: Navigate to Create Identity page.\n",
        "time" : {
          "start" : 1746709767258,
          "stop" : 1746709767828,
          "duration" : 570
        }
      } ]
    },
    "tags" : [ ]
  },
  "source" : "d3f65130e0dfb2f9.json",
  "parameterValues" : [ "ID5678", "BobID" ]
}