{
  "uid" : "df03ebb02277b8a3",
  "name" : "Successfully revoke a certificate -- @1.2 ",
  "fullName" : "Certificate lifecycle management via TPC_Web: Successfully revoke a certificate",
  "historyId" : "10119992457f6e45421bb4d4c1a10e0a",
  "time" : {
    "start" : 1746709773577,
    "stop" : 1746709774146,
    "duration" : 569
  },
  "status" : "failed",
  "statusMessage" : "AssertionError: Step not implemented: Set certificate to active state.\n",
  "statusTrace" : "  File \"/home/runner/work/trustpoint/trustpoint/.venv/lib/python3.12/site-packages/behave/model.py\", line 1909, in run\n    match.run(runner.context)\n  File \"/home/runner/work/trustpoint/trustpoint/.venv/lib/python3.12/site-packages/behave/matchers.py\", line 104, in run\n    self.func(context, *args, **kwargs)\n  File \"trustpoint/features/steps/r_003_steps.py\", line 27, in step_certificate_active\n    raise AssertionError(msg)\n",
  "flaky" : false,
  "newFailed" : false,
  "beforeStages" : [ ],
  "testStage" : {
    "status" : "failed",
    "statusMessage" : "AssertionError: Step not implemented: Set certificate to active state.\n",
    "statusTrace" : "  File \"/home/runner/work/trustpoint/trustpoint/.venv/lib/python3.12/site-packages/behave/model.py\", line 1909, in run\n    match.run(runner.context)\n  File \"/home/runner/work/trustpoint/trustpoint/.venv/lib/python3.12/site-packages/behave/matchers.py\", line 104, in run\n    self.func(context, *args, **kwargs)\n  File \"trustpoint/features/steps/r_003_steps.py\", line 27, in step_certificate_active\n    raise AssertionError(msg)\n",
    "steps" : [ {
      "name" : "Given the admin user is logged into TPC_Web",
      "time" : {
        "start" : 1746709773579,
        "stop" : 1746709774118,
        "duration" : 539
      },
      "status" : "passed",
      "steps" : [ ],
      "attachments" : [ ],
      "parameters" : [ ],
      "stepsCount" : 0,
      "attachmentsCount" : 0,
      "shouldDisplayMessage" : false,
      "hasContent" : false
    }, {
      "name" : "Given the certificate CERT1121 exists and is active",
      "time" : {
        "start" : 1746709774118,
        "stop" : 1746709774119,
        "duration" : 1
      },
      "status" : "failed",
      "statusMessage" : "AssertionError: Step not implemented: Set certificate to active state.\n",
      "statusTrace" : "  File \"/home/runner/work/trustpoint/trustpoint/.venv/lib/python3.12/site-packages/behave/model.py\", line 1909, in run\n    match.run(runner.context)\n  File \"/home/runner/work/trustpoint/trustpoint/.venv/lib/python3.12/site-packages/behave/matchers.py\", line 104, in run\n    self.func(context, *args, **kwargs)\n  File \"trustpoint/features/steps/r_003_steps.py\", line 27, in step_certificate_active\n    raise AssertionError(msg)\n",
      "steps" : [ ],
      "attachments" : [ ],
      "parameters" : [ ],
      "stepsCount" : 0,
      "attachmentsCount" : 0,
      "shouldDisplayMessage" : true,
      "hasContent" : true
    }, {
      "name" : "When the admin navigates to the certificate management page for CERT1121",
      "time" : {
        "start" : 1746709774146,
        "stop" : 1746709774146,
        "duration" : 0
      },
      "status" : "skipped",
      "steps" : [ ],
      "attachments" : [ ],
      "parameters" : [ ],
      "stepsCount" : 0,
      "attachmentsCount" : 0,
      "shouldDisplayMessage" : false,
      "hasContent" : false
    }, {
      "name" : "And the admin initiates the certificate revocation process",
      "time" : {
        "start" : 1746709774146,
        "stop" : 1746709774146,
        "duration" : 0
      },
      "status" : "skipped",
      "steps" : [ ],
      "attachments" : [ ],
      "parameters" : [ ],
      "stepsCount" : 0,
      "attachmentsCount" : 0,
      "shouldDisplayMessage" : false,
      "hasContent" : false
    }, {
      "name" : "Then the system should display a confirmation message",
      "time" : {
        "start" : 1746709774146,
        "stop" : 1746709774146,
        "duration" : 0
      },
      "status" : "skipped",
      "steps" : [ ],
      "attachments" : [ ],
      "parameters" : [ ],
      "stepsCount" : 0,
      "attachmentsCount" : 0,
      "shouldDisplayMessage" : false,
      "hasContent" : false
    }, {
      "name" : "And the certificate CERT1121 should have a status of \"revoked\"",
      "time" : {
        "start" : 1746709774146,
        "stop" : 1746709774146,
        "duration" : 0
      },
      "status" : "skipped",
      "steps" : [ ],
      "attachments" : [ ],
      "parameters" : [ ],
      "stepsCount" : 0,
      "attachmentsCount" : 0,
      "shouldDisplayMessage" : false,
      "hasContent" : false
    } ],
    "attachments" : [ ],
    "parameters" : [ ],
    "stepsCount" : 6,
    "attachmentsCount" : 0,
    "shouldDisplayMessage" : false,
    "hasContent" : true
  },
  "afterStages" : [ ],
  "labels" : [ {
    "name" : "severity",
    "value" : "normal"
  }, {
    "name" : "feature",
    "value" : "Certificate lifecycle management via TPC_Web"
  }, {
    "name" : "framework",
    "value" : "behave"
  }, {
    "name" : "language",
    "value" : "cpython3"
  }, {
    "name" : "resultFormat",
    "value" : "allure2"
  } ],
  "parameters" : [ {
    "name" : "certificate_id",
    "value" : "CERT1121"
  } ],
  "links" : [ ],
  "hidden" : false,
  "retry" : false,
  "extra" : {
    "severity" : "normal",
    "retries" : [ ],
    "categories" : [ {
      "name" : "Product defects",
      "matchedStatuses" : [ ],
      "flaky" : false
    } ],
    "tags" : [ ]
  },
  "source" : "df03ebb02277b8a3.json",
  "parameterValues" : [ "CERT1121" ]
}