{
  "uid" : "140cab1cbb184212",
  "name" : "Attempt to revoke an already revoked certificate -- @1.1 ",
  "fullName" : "Certificate lifecycle management via TPC_Web: Attempt to revoke an already revoked certificate",
  "historyId" : "4b4108fb6f1e9e2257944b6011187ab3",
  "time" : {
    "start" : 1748328266085,
    "stop" : 1748328266655,
    "duration" : 570
  },
  "status" : "failed",
  "statusMessage" : "AssertionError: Step not implemented: Set certificate to revoked state.\n",
  "statusTrace" : "  File \"/home/runner/work/trustpoint/trustpoint/.venv/lib/python3.12/site-packages/behave/model.py\", line 1909, in run\n    match.run(runner.context)\n  File \"/home/runner/work/trustpoint/trustpoint/.venv/lib/python3.12/site-packages/behave/matchers.py\", line 104, in run\n    self.func(context, *args, **kwargs)\n  File \"trustpoint/features/steps/r_003_steps.py\", line 39, in step_certificate_revoked\n    raise AssertionError(msg)\n",
  "flaky" : false,
  "newFailed" : false,
  "beforeStages" : [ ],
  "testStage" : {
    "status" : "failed",
    "statusMessage" : "AssertionError: Step not implemented: Set certificate to revoked state.\n",
    "statusTrace" : "  File \"/home/runner/work/trustpoint/trustpoint/.venv/lib/python3.12/site-packages/behave/model.py\", line 1909, in run\n    match.run(runner.context)\n  File \"/home/runner/work/trustpoint/trustpoint/.venv/lib/python3.12/site-packages/behave/matchers.py\", line 104, in run\n    self.func(context, *args, **kwargs)\n  File \"trustpoint/features/steps/r_003_steps.py\", line 39, in step_certificate_revoked\n    raise AssertionError(msg)\n",
    "steps" : [ {
      "name" : "Given the admin user is logged into TPC_Web",
      "time" : {
        "start" : 1748328266087,
        "stop" : 1748328266628,
        "duration" : 541
      },
      "status" : "passed",
      "steps" : [ ],
      "attachments" : [ ],
      "parameters" : [ ],
      "stepsCount" : 0,
      "attachmentsCount" : 0,
      "shouldDisplayMessage" : false,
      "hasContent" : false
    }, {
      "name" : "Given the certificate CERT6161 exists and is revoked",
      "time" : {
        "start" : 1748328266628,
        "stop" : 1748328266628,
        "duration" : 0
      },
      "status" : "failed",
      "statusMessage" : "AssertionError: Step not implemented: Set certificate to revoked state.\n",
      "statusTrace" : "  File \"/home/runner/work/trustpoint/trustpoint/.venv/lib/python3.12/site-packages/behave/model.py\", line 1909, in run\n    match.run(runner.context)\n  File \"/home/runner/work/trustpoint/trustpoint/.venv/lib/python3.12/site-packages/behave/matchers.py\", line 104, in run\n    self.func(context, *args, **kwargs)\n  File \"trustpoint/features/steps/r_003_steps.py\", line 39, in step_certificate_revoked\n    raise AssertionError(msg)\n",
      "steps" : [ ],
      "attachments" : [ ],
      "parameters" : [ ],
      "stepsCount" : 0,
      "attachmentsCount" : 0,
      "shouldDisplayMessage" : true,
      "hasContent" : true
    }, {
      "name" : "When the admin attempts to revoke the certificate CERT6161",
      "time" : {
        "start" : 1748328266655,
        "stop" : 1748328266655,
        "duration" : 0
      },
      "status" : "skipped",
      "steps" : [ ],
      "attachments" : [ ],
      "parameters" : [ ],
      "stepsCount" : 0,
      "attachmentsCount" : 0,
      "shouldDisplayMessage" : false,
      "hasContent" : false
    }, {
      "name" : "Then the system should display an error message stating \"Certificate is already revoked\"",
      "time" : {
        "start" : 1748328266655,
        "stop" : 1748328266655,
        "duration" : 0
      },
      "status" : "skipped",
      "steps" : [ ],
      "attachments" : [ ],
      "parameters" : [ ],
      "stepsCount" : 0,
      "attachmentsCount" : 0,
      "shouldDisplayMessage" : false,
      "hasContent" : false
    } ],
    "attachments" : [ ],
    "parameters" : [ ],
    "stepsCount" : 4,
    "attachmentsCount" : 0,
    "shouldDisplayMessage" : false,
    "hasContent" : true
  },
  "afterStages" : [ ],
  "labels" : [ {
    "name" : "epic",
    "value" : "Features"
  }, {
    "name" : "package",
    "value" : "R_003_Certificate_lifecycle_management_via_TPC_Web"
  }, {
    "name" : "severity",
    "value" : "normal"
  }, {
    "name" : "suite",
    "value" : "R_003_Certificate_lifecycle_management_via_TPC_Web"
  }, {
    "name" : "feature",
    "value" : "Certificate lifecycle management via TPC_Web"
  }, {
    "name" : "framework",
    "value" : "behave"
  }, {
    "name" : "language",
    "value" : "cpython3"
  }, {
    "name" : "resultFormat",
    "value" : "allure2"
  } ],
  "parameters" : [ {
    "name" : "certificate_id",
    "value" : "CERT6161"
  } ],
  "links" : [ ],
  "hidden" : false,
  "retry" : false,
  "extra" : {
    "severity" : "normal",
    "retries" : [ ],
    "categories" : [ {
      "name" : "Product defects",
      "matchedStatuses" : [ ],
      "flaky" : false
    } ],
    "history" : {
      "statistic" : {
        "failed" : 6,
        "broken" : 0,
        "skipped" : 0,
        "passed" : 0,
        "unknown" : 0,
        "total" : 6
      },
      "items" : [ {
        "uid" : "28d5f4036b17cc2b",
        "reportUrl" : "https://Trustpoint-Project.github.io/trustpoint/24/#testresult/28d5f4036b17cc2b",
        "status" : "failed",
        "statusDetails" : "AssertionError: Step not implemented: Set certificate to revoked state.\n",
        "time" : {
          "start" : 1747122018317,
          "stop" : 1747122018888,
          "duration" : 571
        }
      }, {
        "uid" : "681169fa6685f34d",
        "reportUrl" : "https://Trustpoint-Project.github.io/trustpoint/23/#testresult/681169fa6685f34d",
        "status" : "failed",
        "statusDetails" : "AssertionError: Step not implemented: Set certificate to revoked state.\n",
        "time" : {
          "start" : 1746713356919,
          "stop" : 1746713357492,
          "duration" : 573
        }
      }, {
        "uid" : "fed09d891b0709f",
        "reportUrl" : "https://Trustpoint-Project.github.io/trustpoint/22/#testresult/fed09d891b0709f",
        "status" : "failed",
        "statusDetails" : "AssertionError: Step not implemented: Set certificate to revoked state.\n",
        "time" : {
          "start" : 1746711064523,
          "stop" : 1746711065094,
          "duration" : 571
        }
      }, {
        "uid" : "e102d162318daf2a",
        "reportUrl" : "https://Trustpoint-Project.github.io/trustpoint/21/#testresult/e102d162318daf2a",
        "status" : "failed",
        "statusDetails" : "AssertionError: Step not implemented: Set certificate to revoked state.\n",
        "time" : {
          "start" : 1746710230335,
          "stop" : 1746710230903,
          "duration" : 568
        }
      }, {
        "uid" : "2510de911e1de4ad",
        "reportUrl" : "https://Trustpoint-Project.github.io/trustpoint/20/#testresult/2510de911e1de4ad",
        "status" : "failed",
        "statusDetails" : "AssertionError: Step not implemented: Set certificate to revoked state.\n",
        "time" : {
          "start" : 1746709776417,
          "stop" : 1746709776984,
          "duration" : 567
        }
      } ]
    },
    "tags" : [ ]
  },
  "source" : "140cab1cbb184212.json",
  "parameterValues" : [ "CERT6161" ]
}