{
  "uid" : "2b1e7a8004a1a283",
  "name" : "Successful auto-generation of an issuing CA",
  "fullName" : "Auto-Generated Issuing CAs: Successful auto-generation of an issuing CA",
  "historyId" : "37708dd66780ceb5d47b539d138c1065",
  "time" : {
    "start" : 1748328274421,
    "stop" : 1748328274991,
    "duration" : 570
  },
  "status" : "failed",
  "statusMessage" : "AssertionError: STEP: When the admin configures the system for auto-generation of an Issuing CA\n",
  "statusTrace" : "  File \"/home/runner/work/trustpoint/trustpoint/.venv/lib/python3.12/site-packages/behave/model.py\", line 1909, in run\n    match.run(runner.context)\n  File \"/home/runner/work/trustpoint/trustpoint/.venv/lib/python3.12/site-packages/behave/matchers.py\", line 104, in run\n    self.func(context, *args, **kwargs)\n  File \"trustpoint/features/steps/r_008_steps.py\", line 14, in step_when_admin_configures_auto_ca\n    raise AssertionError(msg)\n",
  "flaky" : false,
  "newFailed" : false,
  "beforeStages" : [ ],
  "testStage" : {
    "status" : "failed",
    "statusMessage" : "AssertionError: STEP: When the admin configures the system for auto-generation of an Issuing CA\n",
    "statusTrace" : "  File \"/home/runner/work/trustpoint/trustpoint/.venv/lib/python3.12/site-packages/behave/model.py\", line 1909, in run\n    match.run(runner.context)\n  File \"/home/runner/work/trustpoint/trustpoint/.venv/lib/python3.12/site-packages/behave/matchers.py\", line 104, in run\n    self.func(context, *args, **kwargs)\n  File \"trustpoint/features/steps/r_008_steps.py\", line 14, in step_when_admin_configures_auto_ca\n    raise AssertionError(msg)\n",
    "steps" : [ {
      "name" : "Given the admin user is logged into TPC_Web",
      "time" : {
        "start" : 1748328274423,
        "stop" : 1748328274963,
        "duration" : 540
      },
      "status" : "passed",
      "steps" : [ ],
      "attachments" : [ ],
      "parameters" : [ ],
      "stepsCount" : 0,
      "attachmentsCount" : 0,
      "shouldDisplayMessage" : false,
      "hasContent" : false
    }, {
      "name" : "When the admin configures the system for auto-generation of an Issuing CA",
      "time" : {
        "start" : 1748328274963,
        "stop" : 1748328274964,
        "duration" : 1
      },
      "status" : "failed",
      "statusMessage" : "AssertionError: STEP: When the admin configures the system for auto-generation of an Issuing CA\n",
      "statusTrace" : "  File \"/home/runner/work/trustpoint/trustpoint/.venv/lib/python3.12/site-packages/behave/model.py\", line 1909, in run\n    match.run(runner.context)\n  File \"/home/runner/work/trustpoint/trustpoint/.venv/lib/python3.12/site-packages/behave/matchers.py\", line 104, in run\n    self.func(context, *args, **kwargs)\n  File \"trustpoint/features/steps/r_008_steps.py\", line 14, in step_when_admin_configures_auto_ca\n    raise AssertionError(msg)\n",
      "steps" : [ ],
      "attachments" : [ ],
      "parameters" : [ ],
      "stepsCount" : 0,
      "attachmentsCount" : 0,
      "shouldDisplayMessage" : true,
      "hasContent" : true
    }, {
      "name" : "Then the system automatically generates the CA",
      "time" : {
        "start" : 1748328274991,
        "stop" : 1748328274991,
        "duration" : 0
      },
      "status" : "skipped",
      "steps" : [ ],
      "attachments" : [ ],
      "parameters" : [ ],
      "stepsCount" : 0,
      "attachmentsCount" : 0,
      "shouldDisplayMessage" : false,
      "hasContent" : false
    }, {
      "name" : "And the generated CA appears in the list of available CAs",
      "time" : {
        "start" : 1748328274991,
        "stop" : 1748328274991,
        "duration" : 0
      },
      "status" : "skipped",
      "steps" : [ ],
      "attachments" : [ ],
      "parameters" : [ ],
      "stepsCount" : 0,
      "attachmentsCount" : 0,
      "shouldDisplayMessage" : false,
      "hasContent" : false
    } ],
    "attachments" : [ ],
    "parameters" : [ ],
    "stepsCount" : 4,
    "attachmentsCount" : 0,
    "shouldDisplayMessage" : false,
    "hasContent" : true
  },
  "afterStages" : [ ],
  "labels" : [ {
    "name" : "epic",
    "value" : "Features"
  }, {
    "name" : "package",
    "value" : "R_008_Auto_generated_Issuing_CAs"
  }, {
    "name" : "severity",
    "value" : "normal"
  }, {
    "name" : "suite",
    "value" : "R_008_Auto_generated_Issuing_CAs"
  }, {
    "name" : "feature",
    "value" : "Auto-Generated Issuing CAs"
  }, {
    "name" : "framework",
    "value" : "behave"
  }, {
    "name" : "language",
    "value" : "cpython3"
  }, {
    "name" : "resultFormat",
    "value" : "allure2"
  } ],
  "parameters" : [ ],
  "links" : [ ],
  "hidden" : false,
  "retry" : false,
  "extra" : {
    "severity" : "normal",
    "retries" : [ ],
    "categories" : [ {
      "name" : "Product defects",
      "matchedStatuses" : [ ],
      "flaky" : false
    } ],
    "history" : {
      "statistic" : {
        "failed" : 6,
        "broken" : 0,
        "skipped" : 0,
        "passed" : 0,
        "unknown" : 0,
        "total" : 6
      },
      "items" : [ {
        "uid" : "832486e4ec1e45b",
        "reportUrl" : "https://Trustpoint-Project.github.io/trustpoint/24/#testresult/832486e4ec1e45b",
        "status" : "failed",
        "statusDetails" : "AssertionError: STEP: When the admin configures the system for auto-generation of an Issuing CA\n",
        "time" : {
          "start" : 1747122026656,
          "stop" : 1747122027232,
          "duration" : 576
        }
      }, {
        "uid" : "3a09b833389ddc18",
        "reportUrl" : "https://Trustpoint-Project.github.io/trustpoint/23/#testresult/3a09b833389ddc18",
        "status" : "failed",
        "statusDetails" : "AssertionError: STEP: When the admin configures the system for auto-generation of an Issuing CA\n",
        "time" : {
          "start" : 1746713365339,
          "stop" : 1746713365970,
          "duration" : 631
        }
      }, {
        "uid" : "57245865c25033b1",
        "reportUrl" : "https://Trustpoint-Project.github.io/trustpoint/22/#testresult/57245865c25033b1",
        "status" : "failed",
        "statusDetails" : "AssertionError: STEP: When the admin configures the system for auto-generation of an Issuing CA\n",
        "time" : {
          "start" : 1746711072853,
          "stop" : 1746711073423,
          "duration" : 570
        }
      }, {
        "uid" : "90c5266adf400971",
        "reportUrl" : "https://Trustpoint-Project.github.io/trustpoint/21/#testresult/90c5266adf400971",
        "status" : "failed",
        "statusDetails" : "AssertionError: STEP: When the admin configures the system for auto-generation of an Issuing CA\n",
        "time" : {
          "start" : 1746710238627,
          "stop" : 1746710239195,
          "duration" : 568
        }
      }, {
        "uid" : "6a93db483e08b16b",
        "reportUrl" : "https://Trustpoint-Project.github.io/trustpoint/20/#testresult/6a93db483e08b16b",
        "status" : "failed",
        "statusDetails" : "AssertionError: STEP: When the admin configures the system for auto-generation of an Issuing CA\n",
        "time" : {
          "start" : 1746709784756,
          "stop" : 1746709785325,
          "duration" : 569
        }
      } ]
    },
    "tags" : [ ]
  },
  "source" : "2b1e7a8004a1a283.json",
  "parameterValues" : [ ]
}