{
  "uid" : "317f4360c5730970",
  "name" : "Logging user actions -- @1.1 ",
  "fullName" : "Logging Capabilities: Logging user actions",
  "historyId" : "8c394cdb16bf890ac1a8c6cdbfe25b92",
  "time" : {
    "start" : 1748328269263,
    "stop" : 1748328269837,
    "duration" : 574
  },
  "status" : "failed",
  "statusMessage" : "AssertionError: STEP: When the admin performs an action create\n",
  "statusTrace" : "  File \"/home/runner/work/trustpoint/trustpoint/.venv/lib/python3.12/site-packages/behave/model.py\", line 1909, in run\n    match.run(runner.context)\n  File \"/home/runner/work/trustpoint/trustpoint/.venv/lib/python3.12/site-packages/behave/matchers.py\", line 104, in run\n    self.func(context, *args, **kwargs)\n  File \"trustpoint/features/steps/r_007_steps.py\", line 15, in step_when_admin_performs_action\n    raise AssertionError(msg)\n",
  "flaky" : false,
  "newFailed" : false,
  "beforeStages" : [ ],
  "testStage" : {
    "status" : "failed",
    "statusMessage" : "AssertionError: STEP: When the admin performs an action create\n",
    "statusTrace" : "  File \"/home/runner/work/trustpoint/trustpoint/.venv/lib/python3.12/site-packages/behave/model.py\", line 1909, in run\n    match.run(runner.context)\n  File \"/home/runner/work/trustpoint/trustpoint/.venv/lib/python3.12/site-packages/behave/matchers.py\", line 104, in run\n    self.func(context, *args, **kwargs)\n  File \"trustpoint/features/steps/r_007_steps.py\", line 15, in step_when_admin_performs_action\n    raise AssertionError(msg)\n",
    "steps" : [ {
      "name" : "Given the admin user is logged into TPC_Web",
      "time" : {
        "start" : 1748328269266,
        "stop" : 1748328269808,
        "duration" : 542
      },
      "status" : "passed",
      "steps" : [ ],
      "attachments" : [ ],
      "parameters" : [ ],
      "stepsCount" : 0,
      "attachmentsCount" : 0,
      "shouldDisplayMessage" : false,
      "hasContent" : false
    }, {
      "name" : "When the admin performs an action create",
      "time" : {
        "start" : 1748328269808,
        "stop" : 1748328269809,
        "duration" : 1
      },
      "status" : "failed",
      "statusMessage" : "AssertionError: STEP: When the admin performs an action create\n",
      "statusTrace" : "  File \"/home/runner/work/trustpoint/trustpoint/.venv/lib/python3.12/site-packages/behave/model.py\", line 1909, in run\n    match.run(runner.context)\n  File \"/home/runner/work/trustpoint/trustpoint/.venv/lib/python3.12/site-packages/behave/matchers.py\", line 104, in run\n    self.func(context, *args, **kwargs)\n  File \"trustpoint/features/steps/r_007_steps.py\", line 15, in step_when_admin_performs_action\n    raise AssertionError(msg)\n",
      "steps" : [ ],
      "attachments" : [ ],
      "parameters" : [ ],
      "stepsCount" : 0,
      "attachmentsCount" : 0,
      "shouldDisplayMessage" : true,
      "hasContent" : true
    }, {
      "name" : "Then the system logs the action create with relevant details",
      "time" : {
        "start" : 1748328269836,
        "stop" : 1748328269837,
        "duration" : 1
      },
      "status" : "skipped",
      "steps" : [ ],
      "attachments" : [ ],
      "parameters" : [ ],
      "stepsCount" : 0,
      "attachmentsCount" : 0,
      "shouldDisplayMessage" : false,
      "hasContent" : false
    } ],
    "attachments" : [ ],
    "parameters" : [ ],
    "stepsCount" : 3,
    "attachmentsCount" : 0,
    "shouldDisplayMessage" : false,
    "hasContent" : true
  },
  "afterStages" : [ ],
  "labels" : [ {
    "name" : "epic",
    "value" : "Features"
  }, {
    "name" : "package",
    "value" : "R_007_Logging_capabilities"
  }, {
    "name" : "severity",
    "value" : "normal"
  }, {
    "name" : "suite",
    "value" : "R_007_Logging_capabilities"
  }, {
    "name" : "feature",
    "value" : "Logging Capabilities"
  }, {
    "name" : "framework",
    "value" : "behave"
  }, {
    "name" : "language",
    "value" : "cpython3"
  }, {
    "name" : "resultFormat",
    "value" : "allure2"
  } ],
  "parameters" : [ {
    "name" : "action",
    "value" : "create"
  } ],
  "links" : [ ],
  "hidden" : false,
  "retry" : false,
  "extra" : {
    "severity" : "normal",
    "retries" : [ ],
    "categories" : [ {
      "name" : "Product defects",
      "matchedStatuses" : [ ],
      "flaky" : false
    } ],
    "history" : {
      "statistic" : {
        "failed" : 6,
        "broken" : 0,
        "skipped" : 0,
        "passed" : 0,
        "unknown" : 0,
        "total" : 6
      },
      "items" : [ {
        "uid" : "4bf7f64337b5d16d",
        "reportUrl" : "https://Trustpoint-Project.github.io/trustpoint/24/#testresult/4bf7f64337b5d16d",
        "status" : "failed",
        "statusDetails" : "AssertionError: STEP: When the admin performs an action create\n",
        "time" : {
          "start" : 1747122021500,
          "stop" : 1747122022072,
          "duration" : 572
        }
      }, {
        "uid" : "31f03118c036d9bc",
        "reportUrl" : "https://Trustpoint-Project.github.io/trustpoint/23/#testresult/31f03118c036d9bc",
        "status" : "failed",
        "statusDetails" : "AssertionError: STEP: When the admin performs an action create\n",
        "time" : {
          "start" : 1746713360133,
          "stop" : 1746713360720,
          "duration" : 587
        }
      }, {
        "uid" : "a9f202e440b55c08",
        "reportUrl" : "https://Trustpoint-Project.github.io/trustpoint/22/#testresult/a9f202e440b55c08",
        "status" : "failed",
        "statusDetails" : "AssertionError: STEP: When the admin performs an action create\n",
        "time" : {
          "start" : 1746711067719,
          "stop" : 1746711068289,
          "duration" : 570
        }
      }, {
        "uid" : "fae414aca97866d7",
        "reportUrl" : "https://Trustpoint-Project.github.io/trustpoint/21/#testresult/fae414aca97866d7",
        "status" : "failed",
        "statusDetails" : "AssertionError: STEP: When the admin performs an action create\n",
        "time" : {
          "start" : 1746710233510,
          "stop" : 1746710234078,
          "duration" : 568
        }
      }, {
        "uid" : "8040e132e8309926",
        "reportUrl" : "https://Trustpoint-Project.github.io/trustpoint/20/#testresult/8040e132e8309926",
        "status" : "failed",
        "statusDetails" : "AssertionError: STEP: When the admin performs an action create\n",
        "time" : {
          "start" : 1746709779637,
          "stop" : 1746709780205,
          "duration" : 568
        }
      } ]
    },
    "tags" : [ ]
  },
  "source" : "317f4360c5730970.json",
  "parameterValues" : [ "create" ]
}