{
  "uid" : "3a47822874949885",
  "name" : "Unauthorized user attempts to modify a certificate template -- @1.1 ",
  "fullName" : "Certificate Template Security: Unauthorized user attempts to modify a certificate template",
  "historyId" : "c94878b42f6f51398c6859c96556c9ac",
  "time" : {
    "start" : 1748328287455,
    "stop" : 1748328288036,
    "duration" : 581
  },
  "status" : "failed",
  "statusMessage" : "AssertionError: STEP: Given the user has role Admin\n",
  "statusTrace" : "  File \"/home/runner/work/trustpoint/trustpoint/.venv/lib/python3.12/site-packages/behave/model.py\", line 1909, in run\n    match.run(runner.context)\n  File \"/home/runner/work/trustpoint/trustpoint/.venv/lib/python3.12/site-packages/behave/matchers.py\", line 104, in run\n    self.func(context, *args, **kwargs)\n  File \"trustpoint/features/steps/r_102_steps.py\", line 15, in step_given_user_role\n    raise AssertionError(msg)\n",
  "flaky" : false,
  "newFailed" : false,
  "beforeStages" : [ ],
  "testStage" : {
    "status" : "failed",
    "statusMessage" : "AssertionError: STEP: Given the user has role Admin\n",
    "statusTrace" : "  File \"/home/runner/work/trustpoint/trustpoint/.venv/lib/python3.12/site-packages/behave/model.py\", line 1909, in run\n    match.run(runner.context)\n  File \"/home/runner/work/trustpoint/trustpoint/.venv/lib/python3.12/site-packages/behave/matchers.py\", line 104, in run\n    self.func(context, *args, **kwargs)\n  File \"trustpoint/features/steps/r_102_steps.py\", line 15, in step_given_user_role\n    raise AssertionError(msg)\n",
    "steps" : [ {
      "name" : "Given the admin user is logged into TPC_Web",
      "time" : {
        "start" : 1748328287457,
        "stop" : 1748328288003,
        "duration" : 546
      },
      "status" : "passed",
      "steps" : [ ],
      "attachments" : [ ],
      "parameters" : [ ],
      "stepsCount" : 0,
      "attachmentsCount" : 0,
      "shouldDisplayMessage" : false,
      "hasContent" : false
    }, {
      "name" : "Given the user has role Admin",
      "time" : {
        "start" : 1748328288003,
        "stop" : 1748328288003,
        "duration" : 0
      },
      "status" : "failed",
      "statusMessage" : "AssertionError: STEP: Given the user has role Admin\n",
      "statusTrace" : "  File \"/home/runner/work/trustpoint/trustpoint/.venv/lib/python3.12/site-packages/behave/model.py\", line 1909, in run\n    match.run(runner.context)\n  File \"/home/runner/work/trustpoint/trustpoint/.venv/lib/python3.12/site-packages/behave/matchers.py\", line 104, in run\n    self.func(context, *args, **kwargs)\n  File \"trustpoint/features/steps/r_102_steps.py\", line 15, in step_given_user_role\n    raise AssertionError(msg)\n",
      "steps" : [ ],
      "attachments" : [ ],
      "parameters" : [ ],
      "stepsCount" : 0,
      "attachmentsCount" : 0,
      "shouldDisplayMessage" : true,
      "hasContent" : true
    }, {
      "name" : "And a certificate template named Secure_Template exists",
      "time" : {
        "start" : 1748328288036,
        "stop" : 1748328288036,
        "duration" : 0
      },
      "status" : "skipped",
      "steps" : [ ],
      "attachments" : [ ],
      "parameters" : [ ],
      "stepsCount" : 0,
      "attachmentsCount" : 0,
      "shouldDisplayMessage" : false,
      "hasContent" : false
    }, {
      "name" : "When the user attempts to modify the certificate template",
      "time" : {
        "start" : 1748328288036,
        "stop" : 1748328288036,
        "duration" : 0
      },
      "status" : "skipped",
      "steps" : [ ],
      "attachments" : [ ],
      "parameters" : [ ],
      "stepsCount" : 0,
      "attachmentsCount" : 0,
      "shouldDisplayMessage" : false,
      "hasContent" : false
    }, {
      "name" : "Then modification should be allowed",
      "time" : {
        "start" : 1748328288036,
        "stop" : 1748328288036,
        "duration" : 0
      },
      "status" : "skipped",
      "steps" : [ ],
      "attachments" : [ ],
      "parameters" : [ ],
      "stepsCount" : 0,
      "attachmentsCount" : 0,
      "shouldDisplayMessage" : false,
      "hasContent" : false
    } ],
    "attachments" : [ ],
    "parameters" : [ ],
    "stepsCount" : 5,
    "attachmentsCount" : 0,
    "shouldDisplayMessage" : false,
    "hasContent" : true
  },
  "afterStages" : [ ],
  "labels" : [ {
    "name" : "epic",
    "value" : "Features"
  }, {
    "name" : "package",
    "value" : "R_102_Certificate_Template_Security"
  }, {
    "name" : "severity",
    "value" : "normal"
  }, {
    "name" : "suite",
    "value" : "R_102_Certificate_Template_Security"
  }, {
    "name" : "feature",
    "value" : "Certificate Template Security"
  }, {
    "name" : "framework",
    "value" : "behave"
  }, {
    "name" : "language",
    "value" : "cpython3"
  }, {
    "name" : "resultFormat",
    "value" : "allure2"
  } ],
  "parameters" : [ {
    "name" : "modification_outcome",
    "value" : "allowed"
  }, {
    "name" : "role",
    "value" : "Admin"
  }, {
    "name" : "template_name",
    "value" : "Secure_Template"
  } ],
  "links" : [ ],
  "hidden" : false,
  "retry" : false,
  "extra" : {
    "severity" : "normal",
    "retries" : [ ],
    "categories" : [ {
      "name" : "Product defects",
      "matchedStatuses" : [ ],
      "flaky" : false
    } ],
    "history" : {
      "statistic" : {
        "failed" : 6,
        "broken" : 0,
        "skipped" : 0,
        "passed" : 0,
        "unknown" : 0,
        "total" : 6
      },
      "items" : [ {
        "uid" : "252d98e2aa2acd91",
        "reportUrl" : "https://Trustpoint-Project.github.io/trustpoint/24/#testresult/252d98e2aa2acd91",
        "status" : "failed",
        "statusDetails" : "AssertionError: STEP: Given the user has role Admin\n",
        "time" : {
          "start" : 1747122039434,
          "stop" : 1747122040021,
          "duration" : 587
        }
      }, {
        "uid" : "4f79ae9d7de9eb12",
        "reportUrl" : "https://Trustpoint-Project.github.io/trustpoint/23/#testresult/4f79ae9d7de9eb12",
        "status" : "failed",
        "statusDetails" : "AssertionError: STEP: Given the user has role Admin\n",
        "time" : {
          "start" : 1746713378504,
          "stop" : 1746713379087,
          "duration" : 583
        }
      }, {
        "uid" : "8b99736b46f98a7a",
        "reportUrl" : "https://Trustpoint-Project.github.io/trustpoint/22/#testresult/8b99736b46f98a7a",
        "status" : "failed",
        "statusDetails" : "AssertionError: STEP: Given the user has role Admin\n",
        "time" : {
          "start" : 1746711085986,
          "stop" : 1746711086566,
          "duration" : 580
        }
      }, {
        "uid" : "25f047359faff67e",
        "reportUrl" : "https://Trustpoint-Project.github.io/trustpoint/21/#testresult/25f047359faff67e",
        "status" : "failed",
        "statusDetails" : "AssertionError: STEP: Given the user has role Admin\n",
        "time" : {
          "start" : 1746710251642,
          "stop" : 1746710252221,
          "duration" : 579
        }
      }, {
        "uid" : "3d90b790cd6b5d42",
        "reportUrl" : "https://Trustpoint-Project.github.io/trustpoint/20/#testresult/3d90b790cd6b5d42",
        "status" : "failed",
        "statusDetails" : "AssertionError: STEP: Given the user has role Admin\n",
        "time" : {
          "start" : 1746709797657,
          "stop" : 1746709798232,
          "duration" : 575
        }
      } ]
    },
    "tags" : [ ]
  },
  "source" : "3a47822874949885.json",
  "parameterValues" : [ "allowed", "Admin", "Secure_Template" ]
}