{
  "uid" : "3aab794cce1725c4",
  "name" : "Handling missing parameters during CA generation",
  "fullName" : "Auto-Generated Issuing CAs: Handling missing parameters during CA generation",
  "historyId" : "9ea1a96b61a133d568043e9ad268dd09",
  "time" : {
    "start" : 1748328276137,
    "stop" : 1748328276714,
    "duration" : 577
  },
  "status" : "failed",
  "statusMessage" : "AssertionError: STEP: When the admin attempts to generate an Issuing CA with incomplete configuration\n",
  "statusTrace" : "  File \"/home/runner/work/trustpoint/trustpoint/.venv/lib/python3.12/site-packages/behave/model.py\", line 1909, in run\n    match.run(runner.context)\n  File \"/home/runner/work/trustpoint/trustpoint/.venv/lib/python3.12/site-packages/behave/matchers.py\", line 104, in run\n    self.func(context, *args, **kwargs)\n  File \"trustpoint/features/steps/r_008_steps.py\", line 71, in step_when_admin_attempts_incomplete_ca\n    raise AssertionError(msg)\n",
  "flaky" : false,
  "newFailed" : false,
  "beforeStages" : [ ],
  "testStage" : {
    "status" : "failed",
    "statusMessage" : "AssertionError: STEP: When the admin attempts to generate an Issuing CA with incomplete configuration\n",
    "statusTrace" : "  File \"/home/runner/work/trustpoint/trustpoint/.venv/lib/python3.12/site-packages/behave/model.py\", line 1909, in run\n    match.run(runner.context)\n  File \"/home/runner/work/trustpoint/trustpoint/.venv/lib/python3.12/site-packages/behave/matchers.py\", line 104, in run\n    self.func(context, *args, **kwargs)\n  File \"trustpoint/features/steps/r_008_steps.py\", line 71, in step_when_admin_attempts_incomplete_ca\n    raise AssertionError(msg)\n",
    "steps" : [ {
      "name" : "Given the admin user is logged into TPC_Web",
      "time" : {
        "start" : 1748328276139,
        "stop" : 1748328276686,
        "duration" : 547
      },
      "status" : "passed",
      "steps" : [ ],
      "attachments" : [ ],
      "parameters" : [ ],
      "stepsCount" : 0,
      "attachmentsCount" : 0,
      "shouldDisplayMessage" : false,
      "hasContent" : false
    }, {
      "name" : "When the admin attempts to generate an Issuing CA with incomplete configuration",
      "time" : {
        "start" : 1748328276686,
        "stop" : 1748328276687,
        "duration" : 1
      },
      "status" : "failed",
      "statusMessage" : "AssertionError: STEP: When the admin attempts to generate an Issuing CA with incomplete configuration\n",
      "statusTrace" : "  File \"/home/runner/work/trustpoint/trustpoint/.venv/lib/python3.12/site-packages/behave/model.py\", line 1909, in run\n    match.run(runner.context)\n  File \"/home/runner/work/trustpoint/trustpoint/.venv/lib/python3.12/site-packages/behave/matchers.py\", line 104, in run\n    self.func(context, *args, **kwargs)\n  File \"trustpoint/features/steps/r_008_steps.py\", line 71, in step_when_admin_attempts_incomplete_ca\n    raise AssertionError(msg)\n",
      "steps" : [ ],
      "attachments" : [ ],
      "parameters" : [ ],
      "stepsCount" : 0,
      "attachmentsCount" : 0,
      "shouldDisplayMessage" : true,
      "hasContent" : true
    }, {
      "name" : "Then the system prevents the CA from being generated",
      "time" : {
        "start" : 1748328276714,
        "stop" : 1748328276714,
        "duration" : 0
      },
      "status" : "skipped",
      "steps" : [ ],
      "attachments" : [ ],
      "parameters" : [ ],
      "stepsCount" : 0,
      "attachmentsCount" : 0,
      "shouldDisplayMessage" : false,
      "hasContent" : false
    }, {
      "name" : "And an appropriate error message is logged",
      "time" : {
        "start" : 1748328276714,
        "stop" : 1748328276714,
        "duration" : 0
      },
      "status" : "skipped",
      "steps" : [ ],
      "attachments" : [ ],
      "parameters" : [ ],
      "stepsCount" : 0,
      "attachmentsCount" : 0,
      "shouldDisplayMessage" : false,
      "hasContent" : false
    } ],
    "attachments" : [ ],
    "parameters" : [ ],
    "stepsCount" : 4,
    "attachmentsCount" : 0,
    "shouldDisplayMessage" : false,
    "hasContent" : true
  },
  "afterStages" : [ ],
  "labels" : [ {
    "name" : "epic",
    "value" : "Features"
  }, {
    "name" : "package",
    "value" : "R_008_Auto_generated_Issuing_CAs"
  }, {
    "name" : "severity",
    "value" : "normal"
  }, {
    "name" : "suite",
    "value" : "R_008_Auto_generated_Issuing_CAs"
  }, {
    "name" : "feature",
    "value" : "Auto-Generated Issuing CAs"
  }, {
    "name" : "framework",
    "value" : "behave"
  }, {
    "name" : "language",
    "value" : "cpython3"
  }, {
    "name" : "resultFormat",
    "value" : "allure2"
  } ],
  "parameters" : [ ],
  "links" : [ ],
  "hidden" : false,
  "retry" : false,
  "extra" : {
    "severity" : "normal",
    "retries" : [ ],
    "categories" : [ {
      "name" : "Product defects",
      "matchedStatuses" : [ ],
      "flaky" : false
    } ],
    "history" : {
      "statistic" : {
        "failed" : 6,
        "broken" : 0,
        "skipped" : 0,
        "passed" : 0,
        "unknown" : 0,
        "total" : 6
      },
      "items" : [ {
        "uid" : "e77d749e5b078ffd",
        "reportUrl" : "https://Trustpoint-Project.github.io/trustpoint/24/#testresult/e77d749e5b078ffd",
        "status" : "failed",
        "statusDetails" : "AssertionError: STEP: When the admin attempts to generate an Issuing CA with incomplete configuration\n",
        "time" : {
          "start" : 1747122028380,
          "stop" : 1747122028952,
          "duration" : 572
        }
      }, {
        "uid" : "747de83304da273f",
        "reportUrl" : "https://Trustpoint-Project.github.io/trustpoint/23/#testresult/747de83304da273f",
        "status" : "failed",
        "statusDetails" : "AssertionError: STEP: When the admin attempts to generate an Issuing CA with incomplete configuration\n",
        "time" : {
          "start" : 1746713367181,
          "stop" : 1746713367758,
          "duration" : 577
        }
      }, {
        "uid" : "b8d73bded5b6eb3d",
        "reportUrl" : "https://Trustpoint-Project.github.io/trustpoint/22/#testresult/b8d73bded5b6eb3d",
        "status" : "failed",
        "statusDetails" : "AssertionError: STEP: When the admin attempts to generate an Issuing CA with incomplete configuration\n",
        "time" : {
          "start" : 1746711074566,
          "stop" : 1746711075177,
          "duration" : 611
        }
      }, {
        "uid" : "12ef84967905c850",
        "reportUrl" : "https://Trustpoint-Project.github.io/trustpoint/21/#testresult/12ef84967905c850",
        "status" : "failed",
        "statusDetails" : "AssertionError: STEP: When the admin attempts to generate an Issuing CA with incomplete configuration\n",
        "time" : {
          "start" : 1746710240334,
          "stop" : 1746710240905,
          "duration" : 571
        }
      }, {
        "uid" : "b9de0238a02f17b2",
        "reportUrl" : "https://Trustpoint-Project.github.io/trustpoint/20/#testresult/b9de0238a02f17b2",
        "status" : "failed",
        "statusDetails" : "AssertionError: STEP: When the admin attempts to generate an Issuing CA with incomplete configuration\n",
        "time" : {
          "start" : 1746709786463,
          "stop" : 1746709787033,
          "duration" : 570
        }
      } ]
    },
    "tags" : [ ]
  },
  "source" : "3aab794cce1725c4.json",
  "parameterValues" : [ ]
}