{
  "uid" : "5159e530ca8c8b69",
  "name" : "Secure handling of certificate templates",
  "fullName" : "Certificate Template Security: Secure handling of certificate templates",
  "historyId" : "b3027acd7e47e02b1f41d6bde68b46a0",
  "time" : {
    "start" : 1748328288616,
    "stop" : 1748328289198,
    "duration" : 582
  },
  "status" : "failed",
  "statusMessage" : "AssertionError: STEP: Given a certificate template named \"Sensitive_Template\" exists\n",
  "statusTrace" : "  File \"/home/runner/work/trustpoint/trustpoint/.venv/lib/python3.12/site-packages/behave/model.py\", line 1909, in run\n    match.run(runner.context)\n  File \"/home/runner/work/trustpoint/trustpoint/.venv/lib/python3.12/site-packages/behave/matchers.py\", line 104, in run\n    self.func(context, *args, **kwargs)\n  File \"trustpoint/features/steps/r_102_steps.py\", line 27, in step_given_certificate_template_exists\n    raise AssertionError(msg)\n",
  "flaky" : false,
  "newFailed" : false,
  "beforeStages" : [ ],
  "testStage" : {
    "status" : "failed",
    "statusMessage" : "AssertionError: STEP: Given a certificate template named \"Sensitive_Template\" exists\n",
    "statusTrace" : "  File \"/home/runner/work/trustpoint/trustpoint/.venv/lib/python3.12/site-packages/behave/model.py\", line 1909, in run\n    match.run(runner.context)\n  File \"/home/runner/work/trustpoint/trustpoint/.venv/lib/python3.12/site-packages/behave/matchers.py\", line 104, in run\n    self.func(context, *args, **kwargs)\n  File \"trustpoint/features/steps/r_102_steps.py\", line 27, in step_given_certificate_template_exists\n    raise AssertionError(msg)\n",
    "steps" : [ {
      "name" : "Given the admin user is logged into TPC_Web",
      "time" : {
        "start" : 1748328288619,
        "stop" : 1748328289165,
        "duration" : 546
      },
      "status" : "passed",
      "steps" : [ ],
      "attachments" : [ ],
      "parameters" : [ ],
      "stepsCount" : 0,
      "attachmentsCount" : 0,
      "shouldDisplayMessage" : false,
      "hasContent" : false
    }, {
      "name" : "Given a certificate template named \"Sensitive_Template\" exists",
      "time" : {
        "start" : 1748328289165,
        "stop" : 1748328289165,
        "duration" : 0
      },
      "status" : "failed",
      "statusMessage" : "AssertionError: STEP: Given a certificate template named \"Sensitive_Template\" exists\n",
      "statusTrace" : "  File \"/home/runner/work/trustpoint/trustpoint/.venv/lib/python3.12/site-packages/behave/model.py\", line 1909, in run\n    match.run(runner.context)\n  File \"/home/runner/work/trustpoint/trustpoint/.venv/lib/python3.12/site-packages/behave/matchers.py\", line 104, in run\n    self.func(context, *args, **kwargs)\n  File \"trustpoint/features/steps/r_102_steps.py\", line 27, in step_given_certificate_template_exists\n    raise AssertionError(msg)\n",
      "steps" : [ ],
      "attachments" : [ ],
      "parameters" : [ ],
      "stepsCount" : 0,
      "attachmentsCount" : 0,
      "shouldDisplayMessage" : true,
      "hasContent" : true
    }, {
      "name" : "When an unauthorized user attempts to access it",
      "time" : {
        "start" : 1748328289198,
        "stop" : 1748328289198,
        "duration" : 0
      },
      "status" : "skipped",
      "steps" : [ ],
      "attachments" : [ ],
      "parameters" : [ ],
      "stepsCount" : 0,
      "attachmentsCount" : 0,
      "shouldDisplayMessage" : false,
      "hasContent" : false
    }, {
      "name" : "Then access should be denied",
      "time" : {
        "start" : 1748328289198,
        "stop" : 1748328289198,
        "duration" : 0
      },
      "status" : "skipped",
      "steps" : [ ],
      "attachments" : [ ],
      "parameters" : [ ],
      "stepsCount" : 0,
      "attachmentsCount" : 0,
      "shouldDisplayMessage" : false,
      "hasContent" : false
    }, {
      "name" : "And the attempt should be logged",
      "time" : {
        "start" : 1748328289198,
        "stop" : 1748328289198,
        "duration" : 0
      },
      "status" : "skipped",
      "steps" : [ ],
      "attachments" : [ ],
      "parameters" : [ ],
      "stepsCount" : 0,
      "attachmentsCount" : 0,
      "shouldDisplayMessage" : false,
      "hasContent" : false
    } ],
    "attachments" : [ ],
    "parameters" : [ ],
    "stepsCount" : 5,
    "attachmentsCount" : 0,
    "shouldDisplayMessage" : false,
    "hasContent" : true
  },
  "afterStages" : [ ],
  "labels" : [ {
    "name" : "epic",
    "value" : "Features"
  }, {
    "name" : "package",
    "value" : "R_102_Certificate_Template_Security"
  }, {
    "name" : "severity",
    "value" : "normal"
  }, {
    "name" : "suite",
    "value" : "R_102_Certificate_Template_Security"
  }, {
    "name" : "feature",
    "value" : "Certificate Template Security"
  }, {
    "name" : "framework",
    "value" : "behave"
  }, {
    "name" : "language",
    "value" : "cpython3"
  }, {
    "name" : "resultFormat",
    "value" : "allure2"
  } ],
  "parameters" : [ ],
  "links" : [ ],
  "hidden" : false,
  "retry" : false,
  "extra" : {
    "severity" : "normal",
    "retries" : [ ],
    "categories" : [ {
      "name" : "Product defects",
      "matchedStatuses" : [ ],
      "flaky" : false
    } ],
    "history" : {
      "statistic" : {
        "failed" : 6,
        "broken" : 0,
        "skipped" : 0,
        "passed" : 0,
        "unknown" : 0,
        "total" : 6
      },
      "items" : [ {
        "uid" : "fb6ecd2d45f95ad7",
        "reportUrl" : "https://Trustpoint-Project.github.io/trustpoint/24/#testresult/fb6ecd2d45f95ad7",
        "status" : "failed",
        "statusDetails" : "AssertionError: STEP: Given a certificate template named \"Sensitive_Template\" exists\n",
        "time" : {
          "start" : 1747122040600,
          "stop" : 1747122041184,
          "duration" : 584
        }
      }, {
        "uid" : "d63b809557c74ae4",
        "reportUrl" : "https://Trustpoint-Project.github.io/trustpoint/23/#testresult/d63b809557c74ae4",
        "status" : "failed",
        "statusDetails" : "AssertionError: STEP: Given a certificate template named \"Sensitive_Template\" exists\n",
        "time" : {
          "start" : 1746713379672,
          "stop" : 1746713380254,
          "duration" : 582
        }
      }, {
        "uid" : "172de2339851d7e",
        "reportUrl" : "https://Trustpoint-Project.github.io/trustpoint/22/#testresult/172de2339851d7e",
        "status" : "failed",
        "statusDetails" : "AssertionError: STEP: Given a certificate template named \"Sensitive_Template\" exists\n",
        "time" : {
          "start" : 1746711087147,
          "stop" : 1746711087726,
          "duration" : 579
        }
      }, {
        "uid" : "31a855ddaa8b4d12",
        "reportUrl" : "https://Trustpoint-Project.github.io/trustpoint/21/#testresult/31a855ddaa8b4d12",
        "status" : "failed",
        "statusDetails" : "AssertionError: STEP: Given a certificate template named \"Sensitive_Template\" exists\n",
        "time" : {
          "start" : 1746710252800,
          "stop" : 1746710253377,
          "duration" : 577
        }
      }, {
        "uid" : "67b23d2c269c4a0f",
        "reportUrl" : "https://Trustpoint-Project.github.io/trustpoint/20/#testresult/67b23d2c269c4a0f",
        "status" : "failed",
        "statusDetails" : "AssertionError: STEP: Given a certificate template named \"Sensitive_Template\" exists\n",
        "time" : {
          "start" : 1746709798807,
          "stop" : 1746709799384,
          "duration" : 577
        }
      } ]
    },
    "tags" : [ ]
  },
  "source" : "5159e530ca8c8b69.json",
  "parameterValues" : [ ]
}