{
  "uid" : "61f22e3b3dad22b",
  "name" : "Auto-generation with different configurations -- @1.1 ",
  "fullName" : "Auto-Generated Issuing CAs: Auto-generation with different configurations",
  "historyId" : "154f006eb3819d584b4def468dee61c5",
  "time" : {
    "start" : 1746713365971,
    "stop" : 1746713366597,
    "duration" : 626
  },
  "status" : "failed",
  "statusMessage" : "AssertionError: STEP: When the admin sets the following CA configuration\n",
  "statusTrace" : "  File \"/home/runner/work/trustpoint/trustpoint/.venv/lib/python3.12/site-packages/behave/model.py\", line 1909, in run\n    match.run(runner.context)\n  File \"/home/runner/work/trustpoint/trustpoint/.venv/lib/python3.12/site-packages/behave/matchers.py\", line 104, in run\n    self.func(context, *args, **kwargs)\n  File \"trustpoint/features/steps/r_008_steps.py\", line 49, in step_when_admin_sets_ca_config\n    raise AssertionError(msg)\n",
  "flaky" : false,
  "newFailed" : false,
  "beforeStages" : [ ],
  "testStage" : {
    "status" : "failed",
    "statusMessage" : "AssertionError: STEP: When the admin sets the following CA configuration\n",
    "statusTrace" : "  File \"/home/runner/work/trustpoint/trustpoint/.venv/lib/python3.12/site-packages/behave/model.py\", line 1909, in run\n    match.run(runner.context)\n  File \"/home/runner/work/trustpoint/trustpoint/.venv/lib/python3.12/site-packages/behave/matchers.py\", line 104, in run\n    self.func(context, *args, **kwargs)\n  File \"trustpoint/features/steps/r_008_steps.py\", line 49, in step_when_admin_sets_ca_config\n    raise AssertionError(msg)\n",
    "steps" : [ {
      "name" : "Given the admin user is logged into TPC_Web",
      "time" : {
        "start" : 1746713365974,
        "stop" : 1746713366565,
        "duration" : 591
      },
      "status" : "passed",
      "steps" : [ ],
      "attachments" : [ ],
      "parameters" : [ ],
      "stepsCount" : 0,
      "attachmentsCount" : 0,
      "shouldDisplayMessage" : false,
      "hasContent" : false
    }, {
      "name" : "When the admin sets the following CA configuration:",
      "time" : {
        "start" : 1746713366565,
        "stop" : 1746713366566,
        "duration" : 1
      },
      "status" : "failed",
      "statusMessage" : "AssertionError: STEP: When the admin sets the following CA configuration\n",
      "statusTrace" : "  File \"/home/runner/work/trustpoint/trustpoint/.venv/lib/python3.12/site-packages/behave/model.py\", line 1909, in run\n    match.run(runner.context)\n  File \"/home/runner/work/trustpoint/trustpoint/.venv/lib/python3.12/site-packages/behave/matchers.py\", line 104, in run\n    self.func(context, *args, **kwargs)\n  File \"trustpoint/features/steps/r_008_steps.py\", line 49, in step_when_admin_sets_ca_config\n    raise AssertionError(msg)\n",
      "steps" : [ ],
      "attachments" : [ {
        "uid" : "a045dc7f41076ec8",
        "name" : ".table",
        "source" : "a045dc7f41076ec8.csv",
        "type" : "text/csv",
        "size" : 58
      } ],
      "parameters" : [ ],
      "stepsCount" : 0,
      "attachmentsCount" : 1,
      "shouldDisplayMessage" : true,
      "hasContent" : true
    }, {
      "name" : "Then the system generates a CA with:",
      "time" : {
        "start" : 1746713366596,
        "stop" : 1746713366597,
        "duration" : 1
      },
      "status" : "skipped",
      "steps" : [ ],
      "attachments" : [ {
        "uid" : "e33eb012592d106f",
        "name" : ".table",
        "source" : "e33eb012592d106f.csv",
        "type" : "text/csv",
        "size" : 58
      } ],
      "parameters" : [ ],
      "stepsCount" : 0,
      "attachmentsCount" : 1,
      "shouldDisplayMessage" : false,
      "hasContent" : true
    } ],
    "attachments" : [ ],
    "parameters" : [ ],
    "stepsCount" : 3,
    "attachmentsCount" : 2,
    "shouldDisplayMessage" : false,
    "hasContent" : true
  },
  "afterStages" : [ ],
  "labels" : [ {
    "name" : "severity",
    "value" : "normal"
  }, {
    "name" : "feature",
    "value" : "Auto-Generated Issuing CAs"
  }, {
    "name" : "framework",
    "value" : "behave"
  }, {
    "name" : "language",
    "value" : "cpython3"
  }, {
    "name" : "resultFormat",
    "value" : "allure2"
  } ],
  "parameters" : [ {
    "name" : "key_size",
    "value" : "2048"
  }, {
    "name" : "subject_name",
    "value" : "CA_Test1"
  }, {
    "name" : "validity",
    "value" : "365"
  } ],
  "links" : [ ],
  "hidden" : false,
  "retry" : false,
  "extra" : {
    "severity" : "normal",
    "retries" : [ ],
    "categories" : [ {
      "name" : "Product defects",
      "matchedStatuses" : [ ],
      "flaky" : false
    } ],
    "history" : {
      "statistic" : {
        "failed" : 4,
        "broken" : 0,
        "skipped" : 0,
        "passed" : 0,
        "unknown" : 0,
        "total" : 4
      },
      "items" : [ {
        "uid" : "cc828cbdca1b6282",
        "reportUrl" : "https://Trustpoint-Project.github.io/trustpoint/22/#testresult/cc828cbdca1b6282",
        "status" : "failed",
        "statusDetails" : "AssertionError: STEP: When the admin sets the following CA configuration\n",
        "time" : {
          "start" : 1746711073423,
          "stop" : 1746711073995,
          "duration" : 572
        }
      }, {
        "uid" : "c1ad5f2df9dc05a0",
        "reportUrl" : "https://Trustpoint-Project.github.io/trustpoint/21/#testresult/c1ad5f2df9dc05a0",
        "status" : "failed",
        "statusDetails" : "AssertionError: STEP: When the admin sets the following CA configuration\n",
        "time" : {
          "start" : 1746710239195,
          "stop" : 1746710239764,
          "duration" : 569
        }
      }, {
        "uid" : "1c799876fecedf18",
        "reportUrl" : "https://Trustpoint-Project.github.io/trustpoint/20/#testresult/1c799876fecedf18",
        "status" : "failed",
        "statusDetails" : "AssertionError: STEP: When the admin sets the following CA configuration\n",
        "time" : {
          "start" : 1746709785325,
          "stop" : 1746709785893,
          "duration" : 568
        }
      } ]
    },
    "tags" : [ ]
  },
  "source" : "61f22e3b3dad22b.json",
  "parameterValues" : [ "2048", "CA_Test1", "365" ]
}