{
  "uid" : "bf4c626cc18551e2",
  "name" : "Successfully renew a certificate -- @1.2 ",
  "fullName" : "Certificate lifecycle management via TPC_Web: Successfully renew a certificate",
  "historyId" : "fd45458ef09eef6fa212d952c980d3dc",
  "time" : {
    "start" : 1746713352828,
    "stop" : 1746713353478,
    "duration" : 650
  },
  "status" : "failed",
  "statusMessage" : "AssertionError: Step not implemented: Set certificate near expiration.\n",
  "statusTrace" : "  File \"/home/runner/work/trustpoint/trustpoint/.venv/lib/python3.12/site-packages/behave/model.py\", line 1909, in run\n    match.run(runner.context)\n  File \"/home/runner/work/trustpoint/trustpoint/.venv/lib/python3.12/site-packages/behave/matchers.py\", line 104, in run\n    self.func(context, *args, **kwargs)\n  File \"trustpoint/features/steps/r_003_steps.py\", line 15, in step_certificate_near_expiration\n    raise AssertionError(msg)\n",
  "flaky" : false,
  "newFailed" : false,
  "beforeStages" : [ ],
  "testStage" : {
    "status" : "failed",
    "statusMessage" : "AssertionError: Step not implemented: Set certificate near expiration.\n",
    "statusTrace" : "  File \"/home/runner/work/trustpoint/trustpoint/.venv/lib/python3.12/site-packages/behave/model.py\", line 1909, in run\n    match.run(runner.context)\n  File \"/home/runner/work/trustpoint/trustpoint/.venv/lib/python3.12/site-packages/behave/matchers.py\", line 104, in run\n    self.func(context, *args, **kwargs)\n  File \"trustpoint/features/steps/r_003_steps.py\", line 15, in step_certificate_near_expiration\n    raise AssertionError(msg)\n",
    "steps" : [ {
      "name" : "Given the admin user is logged into TPC_Web",
      "time" : {
        "start" : 1746713352830,
        "stop" : 1746713353390,
        "duration" : 560
      },
      "status" : "passed",
      "steps" : [ ],
      "attachments" : [ ],
      "parameters" : [ ],
      "stepsCount" : 0,
      "attachmentsCount" : 0,
      "shouldDisplayMessage" : false,
      "hasContent" : false
    }, {
      "name" : "Given the certificate CERT5678 exists and is close to expiration",
      "time" : {
        "start" : 1746713353391,
        "stop" : 1746713353391,
        "duration" : 0
      },
      "status" : "failed",
      "statusMessage" : "AssertionError: Step not implemented: Set certificate near expiration.\n",
      "statusTrace" : "  File \"/home/runner/work/trustpoint/trustpoint/.venv/lib/python3.12/site-packages/behave/model.py\", line 1909, in run\n    match.run(runner.context)\n  File \"/home/runner/work/trustpoint/trustpoint/.venv/lib/python3.12/site-packages/behave/matchers.py\", line 104, in run\n    self.func(context, *args, **kwargs)\n  File \"trustpoint/features/steps/r_003_steps.py\", line 15, in step_certificate_near_expiration\n    raise AssertionError(msg)\n",
      "steps" : [ ],
      "attachments" : [ ],
      "parameters" : [ ],
      "stepsCount" : 0,
      "attachmentsCount" : 0,
      "shouldDisplayMessage" : true,
      "hasContent" : true
    }, {
      "name" : "When the admin navigates to the certificate management page for CERT5678",
      "time" : {
        "start" : 1746713353478,
        "stop" : 1746713353478,
        "duration" : 0
      },
      "status" : "skipped",
      "steps" : [ ],
      "attachments" : [ ],
      "parameters" : [ ],
      "stepsCount" : 0,
      "attachmentsCount" : 0,
      "shouldDisplayMessage" : false,
      "hasContent" : false
    }, {
      "name" : "And the admin initiates the certificate renewal process",
      "time" : {
        "start" : 1746713353478,
        "stop" : 1746713353478,
        "duration" : 0
      },
      "status" : "skipped",
      "steps" : [ ],
      "attachments" : [ ],
      "parameters" : [ ],
      "stepsCount" : 0,
      "attachmentsCount" : 0,
      "shouldDisplayMessage" : false,
      "hasContent" : false
    }, {
      "name" : "Then the system should display a confirmation message",
      "time" : {
        "start" : 1746713353478,
        "stop" : 1746713353478,
        "duration" : 0
      },
      "status" : "skipped",
      "steps" : [ ],
      "attachments" : [ ],
      "parameters" : [ ],
      "stepsCount" : 0,
      "attachmentsCount" : 0,
      "shouldDisplayMessage" : false,
      "hasContent" : false
    }, {
      "name" : "And the certificate CERT5678 should have an updated expiration date",
      "time" : {
        "start" : 1746713353478,
        "stop" : 1746713353478,
        "duration" : 0
      },
      "status" : "skipped",
      "steps" : [ ],
      "attachments" : [ ],
      "parameters" : [ ],
      "stepsCount" : 0,
      "attachmentsCount" : 0,
      "shouldDisplayMessage" : false,
      "hasContent" : false
    } ],
    "attachments" : [ ],
    "parameters" : [ ],
    "stepsCount" : 6,
    "attachmentsCount" : 0,
    "shouldDisplayMessage" : false,
    "hasContent" : true
  },
  "afterStages" : [ ],
  "labels" : [ {
    "name" : "severity",
    "value" : "normal"
  }, {
    "name" : "feature",
    "value" : "Certificate lifecycle management via TPC_Web"
  }, {
    "name" : "framework",
    "value" : "behave"
  }, {
    "name" : "language",
    "value" : "cpython3"
  }, {
    "name" : "resultFormat",
    "value" : "allure2"
  } ],
  "parameters" : [ {
    "name" : "certificate_id",
    "value" : "CERT5678"
  } ],
  "links" : [ ],
  "hidden" : false,
  "retry" : false,
  "extra" : {
    "severity" : "normal",
    "retries" : [ ],
    "categories" : [ {
      "name" : "Product defects",
      "matchedStatuses" : [ ],
      "flaky" : false
    } ],
    "history" : {
      "statistic" : {
        "failed" : 4,
        "broken" : 0,
        "skipped" : 0,
        "passed" : 0,
        "unknown" : 0,
        "total" : 4
      },
      "items" : [ {
        "uid" : "cc6d5b9ceccc951c",
        "reportUrl" : "https://Trustpoint-Project.github.io/trustpoint/22/#testresult/cc6d5b9ceccc951c",
        "status" : "failed",
        "statusDetails" : "AssertionError: Step not implemented: Set certificate near expiration.\n",
        "time" : {
          "start" : 1746711060484,
          "stop" : 1746711061052,
          "duration" : 568
        }
      }, {
        "uid" : "1e0e58436a7471d4",
        "reportUrl" : "https://Trustpoint-Project.github.io/trustpoint/21/#testresult/1e0e58436a7471d4",
        "status" : "failed",
        "statusDetails" : "AssertionError: Step not implemented: Set certificate near expiration.\n",
        "time" : {
          "start" : 1746710226320,
          "stop" : 1746710226924,
          "duration" : 604
        }
      }, {
        "uid" : "a079256a690c763",
        "reportUrl" : "https://Trustpoint-Project.github.io/trustpoint/20/#testresult/a079256a690c763",
        "status" : "failed",
        "statusDetails" : "AssertionError: Step not implemented: Set certificate near expiration.\n",
        "time" : {
          "start" : 1746709772400,
          "stop" : 1746709773010,
          "duration" : 610
        }
      } ]
    },
    "tags" : [ ]
  },
  "source" : "bf4c626cc18551e2.json",
  "parameterValues" : [ "CERT5678" ]
}