{
  "uid" : "f0b5e5fbc60c2224",
  "name" : "Successfully revoke a certificate -- @1.1 ",
  "fullName" : "Certificate lifecycle management via TPC_Web: Successfully revoke a certificate",
  "historyId" : "45cf8b19edde4f7a72d596b604ab834c",
  "time" : {
    "start" : 1746713353479,
    "stop" : 1746713354055,
    "duration" : 576
  },
  "status" : "failed",
  "statusMessage" : "AssertionError: Step not implemented: Set certificate to active state.\n",
  "statusTrace" : "  File \"/home/runner/work/trustpoint/trustpoint/.venv/lib/python3.12/site-packages/behave/model.py\", line 1909, in run\n    match.run(runner.context)\n  File \"/home/runner/work/trustpoint/trustpoint/.venv/lib/python3.12/site-packages/behave/matchers.py\", line 104, in run\n    self.func(context, *args, **kwargs)\n  File \"trustpoint/features/steps/r_003_steps.py\", line 27, in step_certificate_active\n    raise AssertionError(msg)\n",
  "flaky" : false,
  "newFailed" : false,
  "beforeStages" : [ ],
  "testStage" : {
    "status" : "failed",
    "statusMessage" : "AssertionError: Step not implemented: Set certificate to active state.\n",
    "statusTrace" : "  File \"/home/runner/work/trustpoint/trustpoint/.venv/lib/python3.12/site-packages/behave/model.py\", line 1909, in run\n    match.run(runner.context)\n  File \"/home/runner/work/trustpoint/trustpoint/.venv/lib/python3.12/site-packages/behave/matchers.py\", line 104, in run\n    self.func(context, *args, **kwargs)\n  File \"trustpoint/features/steps/r_003_steps.py\", line 27, in step_certificate_active\n    raise AssertionError(msg)\n",
    "steps" : [ {
      "name" : "Given the admin user is logged into TPC_Web",
      "time" : {
        "start" : 1746713353481,
        "stop" : 1746713354026,
        "duration" : 545
      },
      "status" : "passed",
      "steps" : [ ],
      "attachments" : [ ],
      "parameters" : [ ],
      "stepsCount" : 0,
      "attachmentsCount" : 0,
      "shouldDisplayMessage" : false,
      "hasContent" : false
    }, {
      "name" : "Given the certificate CERT9101 exists and is active",
      "time" : {
        "start" : 1746713354027,
        "stop" : 1746713354027,
        "duration" : 0
      },
      "status" : "failed",
      "statusMessage" : "AssertionError: Step not implemented: Set certificate to active state.\n",
      "statusTrace" : "  File \"/home/runner/work/trustpoint/trustpoint/.venv/lib/python3.12/site-packages/behave/model.py\", line 1909, in run\n    match.run(runner.context)\n  File \"/home/runner/work/trustpoint/trustpoint/.venv/lib/python3.12/site-packages/behave/matchers.py\", line 104, in run\n    self.func(context, *args, **kwargs)\n  File \"trustpoint/features/steps/r_003_steps.py\", line 27, in step_certificate_active\n    raise AssertionError(msg)\n",
      "steps" : [ ],
      "attachments" : [ ],
      "parameters" : [ ],
      "stepsCount" : 0,
      "attachmentsCount" : 0,
      "shouldDisplayMessage" : true,
      "hasContent" : true
    }, {
      "name" : "When the admin navigates to the certificate management page for CERT9101",
      "time" : {
        "start" : 1746713354055,
        "stop" : 1746713354055,
        "duration" : 0
      },
      "status" : "skipped",
      "steps" : [ ],
      "attachments" : [ ],
      "parameters" : [ ],
      "stepsCount" : 0,
      "attachmentsCount" : 0,
      "shouldDisplayMessage" : false,
      "hasContent" : false
    }, {
      "name" : "And the admin initiates the certificate revocation process",
      "time" : {
        "start" : 1746713354055,
        "stop" : 1746713354055,
        "duration" : 0
      },
      "status" : "skipped",
      "steps" : [ ],
      "attachments" : [ ],
      "parameters" : [ ],
      "stepsCount" : 0,
      "attachmentsCount" : 0,
      "shouldDisplayMessage" : false,
      "hasContent" : false
    }, {
      "name" : "Then the system should display a confirmation message",
      "time" : {
        "start" : 1746713354055,
        "stop" : 1746713354055,
        "duration" : 0
      },
      "status" : "skipped",
      "steps" : [ ],
      "attachments" : [ ],
      "parameters" : [ ],
      "stepsCount" : 0,
      "attachmentsCount" : 0,
      "shouldDisplayMessage" : false,
      "hasContent" : false
    }, {
      "name" : "And the certificate CERT9101 should have a status of \"revoked\"",
      "time" : {
        "start" : 1746713354055,
        "stop" : 1746713354055,
        "duration" : 0
      },
      "status" : "skipped",
      "steps" : [ ],
      "attachments" : [ ],
      "parameters" : [ ],
      "stepsCount" : 0,
      "attachmentsCount" : 0,
      "shouldDisplayMessage" : false,
      "hasContent" : false
    } ],
    "attachments" : [ ],
    "parameters" : [ ],
    "stepsCount" : 6,
    "attachmentsCount" : 0,
    "shouldDisplayMessage" : false,
    "hasContent" : true
  },
  "afterStages" : [ ],
  "labels" : [ {
    "name" : "severity",
    "value" : "normal"
  }, {
    "name" : "feature",
    "value" : "Certificate lifecycle management via TPC_Web"
  }, {
    "name" : "framework",
    "value" : "behave"
  }, {
    "name" : "language",
    "value" : "cpython3"
  }, {
    "name" : "resultFormat",
    "value" : "allure2"
  } ],
  "parameters" : [ {
    "name" : "certificate_id",
    "value" : "CERT9101"
  } ],
  "links" : [ ],
  "hidden" : false,
  "retry" : false,
  "extra" : {
    "severity" : "normal",
    "retries" : [ ],
    "categories" : [ {
      "name" : "Product defects",
      "matchedStatuses" : [ ],
      "flaky" : false
    } ],
    "history" : {
      "statistic" : {
        "failed" : 4,
        "broken" : 0,
        "skipped" : 0,
        "passed" : 0,
        "unknown" : 0,
        "total" : 4
      },
      "items" : [ {
        "uid" : "f04aaa33b45fcc72",
        "reportUrl" : "https://Trustpoint-Project.github.io/trustpoint/22/#testresult/f04aaa33b45fcc72",
        "status" : "failed",
        "statusDetails" : "AssertionError: Step not implemented: Set certificate to active state.\n",
        "time" : {
          "start" : 1746711061053,
          "stop" : 1746711061666,
          "duration" : 613
        }
      }, {
        "uid" : "23f72291720296b8",
        "reportUrl" : "https://Trustpoint-Project.github.io/trustpoint/21/#testresult/23f72291720296b8",
        "status" : "failed",
        "statusDetails" : "AssertionError: Step not implemented: Set certificate to active state.\n",
        "time" : {
          "start" : 1746710226925,
          "stop" : 1746710227493,
          "duration" : 568
        }
      }, {
        "uid" : "5c499f0d0f00ce25",
        "reportUrl" : "https://Trustpoint-Project.github.io/trustpoint/20/#testresult/5c499f0d0f00ce25",
        "status" : "failed",
        "statusDetails" : "AssertionError: Step not implemented: Set certificate to active state.\n",
        "time" : {
          "start" : 1746709773010,
          "stop" : 1746709773577,
          "duration" : 567
        }
      } ]
    },
    "tags" : [ ]
  },
  "source" : "f0b5e5fbc60c2224.json",
  "parameterValues" : [ "CERT9101" ]
}