{
  "uid" : "21cd0b936c76d675",
  "name" : "Successfully revoke a certificate -- @1.2 ",
  "fullName" : "Certificate lifecycle management via TPC_Web: Successfully revoke a certificate",
  "historyId" : "10119992457f6e45421bb4d4c1a10e0a",
  "time" : {
    "start" : 1747122015461,
    "stop" : 1747122016031,
    "duration" : 570
  },
  "status" : "failed",
  "statusMessage" : "AssertionError: Step not implemented: Set certificate to active state.\n",
  "statusTrace" : "  File \"/home/runner/work/trustpoint/trustpoint/.venv/lib/python3.12/site-packages/behave/model.py\", line 1909, in run\n    match.run(runner.context)\n  File \"/home/runner/work/trustpoint/trustpoint/.venv/lib/python3.12/site-packages/behave/matchers.py\", line 104, in run\n    self.func(context, *args, **kwargs)\n  File \"trustpoint/features/steps/r_003_steps.py\", line 27, in step_certificate_active\n    raise AssertionError(msg)\n",
  "flaky" : false,
  "newFailed" : false,
  "beforeStages" : [ ],
  "testStage" : {
    "status" : "failed",
    "statusMessage" : "AssertionError: Step not implemented: Set certificate to active state.\n",
    "statusTrace" : "  File \"/home/runner/work/trustpoint/trustpoint/.venv/lib/python3.12/site-packages/behave/model.py\", line 1909, in run\n    match.run(runner.context)\n  File \"/home/runner/work/trustpoint/trustpoint/.venv/lib/python3.12/site-packages/behave/matchers.py\", line 104, in run\n    self.func(context, *args, **kwargs)\n  File \"trustpoint/features/steps/r_003_steps.py\", line 27, in step_certificate_active\n    raise AssertionError(msg)\n",
    "steps" : [ {
      "name" : "Given the admin user is logged into TPC_Web",
      "time" : {
        "start" : 1747122015463,
        "stop" : 1747122016003,
        "duration" : 540
      },
      "status" : "passed",
      "steps" : [ ],
      "attachments" : [ ],
      "parameters" : [ ],
      "stepsCount" : 0,
      "attachmentsCount" : 0,
      "shouldDisplayMessage" : false,
      "hasContent" : false
    }, {
      "name" : "Given the certificate CERT1121 exists and is active",
      "time" : {
        "start" : 1747122016003,
        "stop" : 1747122016003,
        "duration" : 0
      },
      "status" : "failed",
      "statusMessage" : "AssertionError: Step not implemented: Set certificate to active state.\n",
      "statusTrace" : "  File \"/home/runner/work/trustpoint/trustpoint/.venv/lib/python3.12/site-packages/behave/model.py\", line 1909, in run\n    match.run(runner.context)\n  File \"/home/runner/work/trustpoint/trustpoint/.venv/lib/python3.12/site-packages/behave/matchers.py\", line 104, in run\n    self.func(context, *args, **kwargs)\n  File \"trustpoint/features/steps/r_003_steps.py\", line 27, in step_certificate_active\n    raise AssertionError(msg)\n",
      "steps" : [ ],
      "attachments" : [ ],
      "parameters" : [ ],
      "stepsCount" : 0,
      "attachmentsCount" : 0,
      "shouldDisplayMessage" : true,
      "hasContent" : true
    }, {
      "name" : "When the admin navigates to the certificate management page for CERT1121",
      "time" : {
        "start" : 1747122016031,
        "stop" : 1747122016031,
        "duration" : 0
      },
      "status" : "skipped",
      "steps" : [ ],
      "attachments" : [ ],
      "parameters" : [ ],
      "stepsCount" : 0,
      "attachmentsCount" : 0,
      "shouldDisplayMessage" : false,
      "hasContent" : false
    }, {
      "name" : "And the admin initiates the certificate revocation process",
      "time" : {
        "start" : 1747122016031,
        "stop" : 1747122016031,
        "duration" : 0
      },
      "status" : "skipped",
      "steps" : [ ],
      "attachments" : [ ],
      "parameters" : [ ],
      "stepsCount" : 0,
      "attachmentsCount" : 0,
      "shouldDisplayMessage" : false,
      "hasContent" : false
    }, {
      "name" : "Then the system should display a confirmation message",
      "time" : {
        "start" : 1747122016031,
        "stop" : 1747122016031,
        "duration" : 0
      },
      "status" : "skipped",
      "steps" : [ ],
      "attachments" : [ ],
      "parameters" : [ ],
      "stepsCount" : 0,
      "attachmentsCount" : 0,
      "shouldDisplayMessage" : false,
      "hasContent" : false
    }, {
      "name" : "And the certificate CERT1121 should have a status of \"revoked\"",
      "time" : {
        "start" : 1747122016031,
        "stop" : 1747122016031,
        "duration" : 0
      },
      "status" : "skipped",
      "steps" : [ ],
      "attachments" : [ ],
      "parameters" : [ ],
      "stepsCount" : 0,
      "attachmentsCount" : 0,
      "shouldDisplayMessage" : false,
      "hasContent" : false
    } ],
    "attachments" : [ ],
    "parameters" : [ ],
    "stepsCount" : 6,
    "attachmentsCount" : 0,
    "shouldDisplayMessage" : false,
    "hasContent" : true
  },
  "afterStages" : [ ],
  "labels" : [ {
    "name" : "epic",
    "value" : "Features"
  }, {
    "name" : "package",
    "value" : "R_003_Certificate_lifecycle_management_via_TPC_Web"
  }, {
    "name" : "severity",
    "value" : "normal"
  }, {
    "name" : "suite",
    "value" : "R_003_Certificate_lifecycle_management_via_TPC_Web"
  }, {
    "name" : "feature",
    "value" : "Certificate lifecycle management via TPC_Web"
  }, {
    "name" : "framework",
    "value" : "behave"
  }, {
    "name" : "language",
    "value" : "cpython3"
  }, {
    "name" : "resultFormat",
    "value" : "allure2"
  } ],
  "parameters" : [ {
    "name" : "certificate_id",
    "value" : "CERT1121"
  } ],
  "links" : [ ],
  "hidden" : false,
  "retry" : false,
  "extra" : {
    "severity" : "normal",
    "retries" : [ ],
    "categories" : [ {
      "name" : "Product defects",
      "matchedStatuses" : [ ],
      "flaky" : false
    } ],
    "history" : {
      "statistic" : {
        "failed" : 5,
        "broken" : 0,
        "skipped" : 0,
        "passed" : 0,
        "unknown" : 0,
        "total" : 5
      },
      "items" : [ {
        "uid" : "5eb40f30d377e163",
        "reportUrl" : "https://Trustpoint-Project.github.io/trustpoint/23/#testresult/5eb40f30d377e163",
        "status" : "failed",
        "statusDetails" : "AssertionError: Step not implemented: Set certificate to active state.\n",
        "time" : {
          "start" : 1746713354056,
          "stop" : 1746713354628,
          "duration" : 572
        }
      }, {
        "uid" : "2678a786fcff4b93",
        "reportUrl" : "https://Trustpoint-Project.github.io/trustpoint/22/#testresult/2678a786fcff4b93",
        "status" : "failed",
        "statusDetails" : "AssertionError: Step not implemented: Set certificate to active state.\n",
        "time" : {
          "start" : 1746711061667,
          "stop" : 1746711062236,
          "duration" : 569
        }
      }, {
        "uid" : "79efb8117311898d",
        "reportUrl" : "https://Trustpoint-Project.github.io/trustpoint/21/#testresult/79efb8117311898d",
        "status" : "failed",
        "statusDetails" : "AssertionError: Step not implemented: Set certificate to active state.\n",
        "time" : {
          "start" : 1746710227493,
          "stop" : 1746710228060,
          "duration" : 567
        }
      }, {
        "uid" : "df03ebb02277b8a3",
        "reportUrl" : "https://Trustpoint-Project.github.io/trustpoint/20/#testresult/df03ebb02277b8a3",
        "status" : "failed",
        "statusDetails" : "AssertionError: Step not implemented: Set certificate to active state.\n",
        "time" : {
          "start" : 1746709773577,
          "stop" : 1746709774146,
          "duration" : 569
        }
      } ]
    },
    "tags" : [ ]
  },
  "source" : "21cd0b936c76d675.json",
  "parameterValues" : [ "CERT1121" ]
}