{
  "uid" : "dda77ae457bfbbf",
  "name" : "Admin sets security level for a component -- @1.3 ",
  "fullName" : "Security Level Configuration: Admin sets security level for a component",
  "historyId" : "32ce35d566b3f8a655444d675e8d76a5",
  "time" : {
    "start" : 1747122034791,
    "stop" : 1747122035368,
    "duration" : 577
  },
  "status" : "failed",
  "statusMessage" : "AssertionError: STEP: Given the TrustPoint component TP_Client_03 is selected\n",
  "statusTrace" : "  File \"/home/runner/work/trustpoint/trustpoint/.venv/lib/python3.12/site-packages/behave/model.py\", line 1909, in run\n    match.run(runner.context)\n  File \"/home/runner/work/trustpoint/trustpoint/.venv/lib/python3.12/site-packages/behave/matchers.py\", line 104, in run\n    self.func(context, *args, **kwargs)\n  File \"trustpoint/features/steps/r_101_steps.py\", line 15, in step_given_component_selected\n    raise AssertionError(msg)\n",
  "flaky" : false,
  "newFailed" : false,
  "beforeStages" : [ ],
  "testStage" : {
    "status" : "failed",
    "statusMessage" : "AssertionError: STEP: Given the TrustPoint component TP_Client_03 is selected\n",
    "statusTrace" : "  File \"/home/runner/work/trustpoint/trustpoint/.venv/lib/python3.12/site-packages/behave/model.py\", line 1909, in run\n    match.run(runner.context)\n  File \"/home/runner/work/trustpoint/trustpoint/.venv/lib/python3.12/site-packages/behave/matchers.py\", line 104, in run\n    self.func(context, *args, **kwargs)\n  File \"trustpoint/features/steps/r_101_steps.py\", line 15, in step_given_component_selected\n    raise AssertionError(msg)\n",
    "steps" : [ {
      "name" : "Given the admin user is logged into TPC_Web",
      "time" : {
        "start" : 1747122034793,
        "stop" : 1747122035335,
        "duration" : 542
      },
      "status" : "passed",
      "steps" : [ ],
      "attachments" : [ ],
      "parameters" : [ ],
      "stepsCount" : 0,
      "attachmentsCount" : 0,
      "shouldDisplayMessage" : false,
      "hasContent" : false
    }, {
      "name" : "Given the TrustPoint component TP_Client_03 is selected",
      "time" : {
        "start" : 1747122035335,
        "stop" : 1747122035336,
        "duration" : 1
      },
      "status" : "failed",
      "statusMessage" : "AssertionError: STEP: Given the TrustPoint component TP_Client_03 is selected\n",
      "statusTrace" : "  File \"/home/runner/work/trustpoint/trustpoint/.venv/lib/python3.12/site-packages/behave/model.py\", line 1909, in run\n    match.run(runner.context)\n  File \"/home/runner/work/trustpoint/trustpoint/.venv/lib/python3.12/site-packages/behave/matchers.py\", line 104, in run\n    self.func(context, *args, **kwargs)\n  File \"trustpoint/features/steps/r_101_steps.py\", line 15, in step_given_component_selected\n    raise AssertionError(msg)\n",
      "steps" : [ ],
      "attachments" : [ ],
      "parameters" : [ ],
      "stepsCount" : 0,
      "attachmentsCount" : 0,
      "shouldDisplayMessage" : true,
      "hasContent" : true
    }, {
      "name" : "When the admin sets the security level to Low",
      "time" : {
        "start" : 1747122035368,
        "stop" : 1747122035368,
        "duration" : 0
      },
      "status" : "skipped",
      "steps" : [ ],
      "attachments" : [ ],
      "parameters" : [ ],
      "stepsCount" : 0,
      "attachmentsCount" : 0,
      "shouldDisplayMessage" : false,
      "hasContent" : false
    }, {
      "name" : "Then the system should apply the security level Low",
      "time" : {
        "start" : 1747122035368,
        "stop" : 1747122035368,
        "duration" : 0
      },
      "status" : "skipped",
      "steps" : [ ],
      "attachments" : [ ],
      "parameters" : [ ],
      "stepsCount" : 0,
      "attachmentsCount" : 0,
      "shouldDisplayMessage" : false,
      "hasContent" : false
    }, {
      "name" : "And the system should log the security level change with details",
      "time" : {
        "start" : 1747122035368,
        "stop" : 1747122035368,
        "duration" : 0
      },
      "status" : "skipped",
      "steps" : [ ],
      "attachments" : [ ],
      "parameters" : [ ],
      "stepsCount" : 0,
      "attachmentsCount" : 0,
      "shouldDisplayMessage" : false,
      "hasContent" : false
    } ],
    "attachments" : [ ],
    "parameters" : [ ],
    "stepsCount" : 5,
    "attachmentsCount" : 0,
    "shouldDisplayMessage" : false,
    "hasContent" : true
  },
  "afterStages" : [ ],
  "labels" : [ {
    "name" : "epic",
    "value" : "Features"
  }, {
    "name" : "package",
    "value" : "R_101_Security_Configuration"
  }, {
    "name" : "severity",
    "value" : "normal"
  }, {
    "name" : "suite",
    "value" : "R_101_Security_Configuration"
  }, {
    "name" : "feature",
    "value" : "Security Level Configuration"
  }, {
    "name" : "framework",
    "value" : "behave"
  }, {
    "name" : "language",
    "value" : "cpython3"
  }, {
    "name" : "resultFormat",
    "value" : "allure2"
  } ],
  "parameters" : [ {
    "name" : "component",
    "value" : "TP_Client_03"
  }, {
    "name" : "security_level",
    "value" : "Low"
  } ],
  "links" : [ ],
  "hidden" : false,
  "retry" : false,
  "extra" : {
    "severity" : "normal",
    "retries" : [ ],
    "categories" : [ {
      "name" : "Product defects",
      "matchedStatuses" : [ ],
      "flaky" : false
    } ],
    "history" : {
      "statistic" : {
        "failed" : 5,
        "broken" : 0,
        "skipped" : 0,
        "passed" : 0,
        "unknown" : 0,
        "total" : 5
      },
      "items" : [ {
        "uid" : "e5128419b81685c9",
        "reportUrl" : "https://Trustpoint-Project.github.io/trustpoint/23/#testresult/e5128419b81685c9",
        "status" : "failed",
        "statusDetails" : "AssertionError: STEP: Given the TrustPoint component TP_Client_03 is selected\n",
        "time" : {
          "start" : 1746713373836,
          "stop" : 1746713374418,
          "duration" : 582
        }
      }, {
        "uid" : "e4b5d28661c2c108",
        "reportUrl" : "https://Trustpoint-Project.github.io/trustpoint/22/#testresult/e4b5d28661c2c108",
        "status" : "failed",
        "statusDetails" : "AssertionError: STEP: Given the TrustPoint component TP_Client_03 is selected\n",
        "time" : {
          "start" : 1746711081323,
          "stop" : 1746711081917,
          "duration" : 594
        }
      }, {
        "uid" : "3b943bcaad6163e2",
        "reportUrl" : "https://Trustpoint-Project.github.io/trustpoint/21/#testresult/3b943bcaad6163e2",
        "status" : "failed",
        "statusDetails" : "AssertionError: STEP: Given the TrustPoint component TP_Client_03 is selected\n",
        "time" : {
          "start" : 1746710247015,
          "stop" : 1746710247592,
          "duration" : 577
        }
      }, {
        "uid" : "7488de19655f3bf2",
        "reportUrl" : "https://Trustpoint-Project.github.io/trustpoint/20/#testresult/7488de19655f3bf2",
        "status" : "failed",
        "statusDetails" : "AssertionError: STEP: Given the TrustPoint component TP_Client_03 is selected\n",
        "time" : {
          "start" : 1746709793044,
          "stop" : 1746709793622,
          "duration" : 578
        }
      } ]
    },
    "tags" : [ ]
  },
  "source" : "dda77ae457bfbbf.json",
  "parameterValues" : [ "TP_Client_03", "Low" ]
}