{
  "uid" : "f101ace2016022a9",
  "name" : "Unauthorized deletion attempt",
  "fullName" : "Certificate Template Security: Unauthorized deletion attempt",
  "historyId" : "d8703ed6d78ebabe5cbed3e2410f235b",
  "time" : {
    "start" : 1747122041185,
    "stop" : 1747122041765,
    "duration" : 580
  },
  "status" : "failed",
  "statusMessage" : "AssertionError: STEP: Given a certificate template named \"HighSecurity_Template\" exists\n",
  "statusTrace" : "  File \"/home/runner/work/trustpoint/trustpoint/.venv/lib/python3.12/site-packages/behave/model.py\", line 1909, in run\n    match.run(runner.context)\n  File \"/home/runner/work/trustpoint/trustpoint/.venv/lib/python3.12/site-packages/behave/matchers.py\", line 104, in run\n    self.func(context, *args, **kwargs)\n  File \"trustpoint/features/steps/r_102_steps.py\", line 27, in step_given_certificate_template_exists\n    raise AssertionError(msg)\n",
  "flaky" : false,
  "newFailed" : false,
  "beforeStages" : [ ],
  "testStage" : {
    "status" : "failed",
    "statusMessage" : "AssertionError: STEP: Given a certificate template named \"HighSecurity_Template\" exists\n",
    "statusTrace" : "  File \"/home/runner/work/trustpoint/trustpoint/.venv/lib/python3.12/site-packages/behave/model.py\", line 1909, in run\n    match.run(runner.context)\n  File \"/home/runner/work/trustpoint/trustpoint/.venv/lib/python3.12/site-packages/behave/matchers.py\", line 104, in run\n    self.func(context, *args, **kwargs)\n  File \"trustpoint/features/steps/r_102_steps.py\", line 27, in step_given_certificate_template_exists\n    raise AssertionError(msg)\n",
    "steps" : [ {
      "name" : "Given the admin user is logged into TPC_Web",
      "time" : {
        "start" : 1747122041187,
        "stop" : 1747122041730,
        "duration" : 543
      },
      "status" : "passed",
      "steps" : [ ],
      "attachments" : [ ],
      "parameters" : [ ],
      "stepsCount" : 0,
      "attachmentsCount" : 0,
      "shouldDisplayMessage" : false,
      "hasContent" : false
    }, {
      "name" : "Given a certificate template named \"HighSecurity_Template\" exists",
      "time" : {
        "start" : 1747122041730,
        "stop" : 1747122041731,
        "duration" : 1
      },
      "status" : "failed",
      "statusMessage" : "AssertionError: STEP: Given a certificate template named \"HighSecurity_Template\" exists\n",
      "statusTrace" : "  File \"/home/runner/work/trustpoint/trustpoint/.venv/lib/python3.12/site-packages/behave/model.py\", line 1909, in run\n    match.run(runner.context)\n  File \"/home/runner/work/trustpoint/trustpoint/.venv/lib/python3.12/site-packages/behave/matchers.py\", line 104, in run\n    self.func(context, *args, **kwargs)\n  File \"trustpoint/features/steps/r_102_steps.py\", line 27, in step_given_certificate_template_exists\n    raise AssertionError(msg)\n",
      "steps" : [ ],
      "attachments" : [ ],
      "parameters" : [ ],
      "stepsCount" : 0,
      "attachmentsCount" : 0,
      "shouldDisplayMessage" : true,
      "hasContent" : true
    }, {
      "name" : "When a non-admin user attempts to delete it",
      "time" : {
        "start" : 1747122041765,
        "stop" : 1747122041765,
        "duration" : 0
      },
      "status" : "skipped",
      "steps" : [ ],
      "attachments" : [ ],
      "parameters" : [ ],
      "stepsCount" : 0,
      "attachmentsCount" : 0,
      "shouldDisplayMessage" : false,
      "hasContent" : false
    }, {
      "name" : "Then the deletion should be rejected",
      "time" : {
        "start" : 1747122041765,
        "stop" : 1747122041765,
        "duration" : 0
      },
      "status" : "skipped",
      "steps" : [ ],
      "attachments" : [ ],
      "parameters" : [ ],
      "stepsCount" : 0,
      "attachmentsCount" : 0,
      "shouldDisplayMessage" : false,
      "hasContent" : false
    }, {
      "name" : "And an error message \"Permission denied\" should be shown",
      "time" : {
        "start" : 1747122041765,
        "stop" : 1747122041765,
        "duration" : 0
      },
      "status" : "skipped",
      "steps" : [ ],
      "attachments" : [ ],
      "parameters" : [ ],
      "stepsCount" : 0,
      "attachmentsCount" : 0,
      "shouldDisplayMessage" : false,
      "hasContent" : false
    } ],
    "attachments" : [ ],
    "parameters" : [ ],
    "stepsCount" : 5,
    "attachmentsCount" : 0,
    "shouldDisplayMessage" : false,
    "hasContent" : true
  },
  "afterStages" : [ ],
  "labels" : [ {
    "name" : "epic",
    "value" : "Features"
  }, {
    "name" : "package",
    "value" : "R_102_Certificate_Template_Security"
  }, {
    "name" : "severity",
    "value" : "normal"
  }, {
    "name" : "suite",
    "value" : "R_102_Certificate_Template_Security"
  }, {
    "name" : "feature",
    "value" : "Certificate Template Security"
  }, {
    "name" : "framework",
    "value" : "behave"
  }, {
    "name" : "language",
    "value" : "cpython3"
  }, {
    "name" : "resultFormat",
    "value" : "allure2"
  } ],
  "parameters" : [ ],
  "links" : [ ],
  "hidden" : false,
  "retry" : false,
  "extra" : {
    "severity" : "normal",
    "retries" : [ ],
    "categories" : [ {
      "name" : "Product defects",
      "matchedStatuses" : [ ],
      "flaky" : false
    } ],
    "history" : {
      "statistic" : {
        "failed" : 5,
        "broken" : 0,
        "skipped" : 0,
        "passed" : 0,
        "unknown" : 0,
        "total" : 5
      },
      "items" : [ {
        "uid" : "c34ea130bd1c677",
        "reportUrl" : "https://Trustpoint-Project.github.io/trustpoint/23/#testresult/c34ea130bd1c677",
        "status" : "failed",
        "statusDetails" : "AssertionError: STEP: Given a certificate template named \"HighSecurity_Template\" exists\n",
        "time" : {
          "start" : 1746713380255,
          "stop" : 1746713380839,
          "duration" : 584
        }
      }, {
        "uid" : "394cb9eda6db7cf5",
        "reportUrl" : "https://Trustpoint-Project.github.io/trustpoint/22/#testresult/394cb9eda6db7cf5",
        "status" : "failed",
        "statusDetails" : "AssertionError: STEP: Given a certificate template named \"HighSecurity_Template\" exists\n",
        "time" : {
          "start" : 1746711087726,
          "stop" : 1746711088308,
          "duration" : 582
        }
      }, {
        "uid" : "5faf2928788bf6c7",
        "reportUrl" : "https://Trustpoint-Project.github.io/trustpoint/21/#testresult/5faf2928788bf6c7",
        "status" : "failed",
        "statusDetails" : "AssertionError: STEP: Given a certificate template named \"HighSecurity_Template\" exists\n",
        "time" : {
          "start" : 1746710253377,
          "stop" : 1746710253953,
          "duration" : 576
        }
      }, {
        "uid" : "e3b48ba045bca862",
        "reportUrl" : "https://Trustpoint-Project.github.io/trustpoint/20/#testresult/e3b48ba045bca862",
        "status" : "failed",
        "statusDetails" : "AssertionError: STEP: Given a certificate template named \"HighSecurity_Template\" exists\n",
        "time" : {
          "start" : 1746709799384,
          "stop" : 1746709799960,
          "duration" : 576
        }
      } ]
    },
    "tags" : [ ]
  },
  "source" : "f101ace2016022a9.json",
  "parameterValues" : [ ]
}