{
  "uid" : "feae62b887b9b7a9",
  "name" : "Secure export of certificate templates",
  "fullName" : "Certificate Template Security: Secure export of certificate templates",
  "historyId" : "6060586035b36ba0182350219aeb924d",
  "time" : {
    "start" : 1747122041765,
    "stop" : 1747122042350,
    "duration" : 585
  },
  "status" : "failed",
  "statusMessage" : "AssertionError: STEP: Given a certificate template named \"Exportable_Template\" exists\n",
  "statusTrace" : "  File \"/home/runner/work/trustpoint/trustpoint/.venv/lib/python3.12/site-packages/behave/model.py\", line 1909, in run\n    match.run(runner.context)\n  File \"/home/runner/work/trustpoint/trustpoint/.venv/lib/python3.12/site-packages/behave/matchers.py\", line 104, in run\n    self.func(context, *args, **kwargs)\n  File \"trustpoint/features/steps/r_102_steps.py\", line 27, in step_given_certificate_template_exists\n    raise AssertionError(msg)\n",
  "flaky" : false,
  "newFailed" : false,
  "beforeStages" : [ ],
  "testStage" : {
    "status" : "failed",
    "statusMessage" : "AssertionError: STEP: Given a certificate template named \"Exportable_Template\" exists\n",
    "statusTrace" : "  File \"/home/runner/work/trustpoint/trustpoint/.venv/lib/python3.12/site-packages/behave/model.py\", line 1909, in run\n    match.run(runner.context)\n  File \"/home/runner/work/trustpoint/trustpoint/.venv/lib/python3.12/site-packages/behave/matchers.py\", line 104, in run\n    self.func(context, *args, **kwargs)\n  File \"trustpoint/features/steps/r_102_steps.py\", line 27, in step_given_certificate_template_exists\n    raise AssertionError(msg)\n",
    "steps" : [ {
      "name" : "Given the admin user is logged into TPC_Web",
      "time" : {
        "start" : 1747122041767,
        "stop" : 1747122042315,
        "duration" : 548
      },
      "status" : "passed",
      "steps" : [ ],
      "attachments" : [ ],
      "parameters" : [ ],
      "stepsCount" : 0,
      "attachmentsCount" : 0,
      "shouldDisplayMessage" : false,
      "hasContent" : false
    }, {
      "name" : "Given a certificate template named \"Exportable_Template\" exists",
      "time" : {
        "start" : 1747122042315,
        "stop" : 1747122042316,
        "duration" : 1
      },
      "status" : "failed",
      "statusMessage" : "AssertionError: STEP: Given a certificate template named \"Exportable_Template\" exists\n",
      "statusTrace" : "  File \"/home/runner/work/trustpoint/trustpoint/.venv/lib/python3.12/site-packages/behave/model.py\", line 1909, in run\n    match.run(runner.context)\n  File \"/home/runner/work/trustpoint/trustpoint/.venv/lib/python3.12/site-packages/behave/matchers.py\", line 104, in run\n    self.func(context, *args, **kwargs)\n  File \"trustpoint/features/steps/r_102_steps.py\", line 27, in step_given_certificate_template_exists\n    raise AssertionError(msg)\n",
      "steps" : [ ],
      "attachments" : [ ],
      "parameters" : [ ],
      "stepsCount" : 0,
      "attachmentsCount" : 0,
      "shouldDisplayMessage" : true,
      "hasContent" : true
    }, {
      "name" : "When an admin exports the template",
      "time" : {
        "start" : 1747122042350,
        "stop" : 1747122042350,
        "duration" : 0
      },
      "status" : "skipped",
      "steps" : [ ],
      "attachments" : [ ],
      "parameters" : [ ],
      "stepsCount" : 0,
      "attachmentsCount" : 0,
      "shouldDisplayMessage" : false,
      "hasContent" : false
    }, {
      "name" : "Then the exported template should be encrypted",
      "time" : {
        "start" : 1747122042350,
        "stop" : 1747122042350,
        "duration" : 0
      },
      "status" : "skipped",
      "steps" : [ ],
      "attachments" : [ ],
      "parameters" : [ ],
      "stepsCount" : 0,
      "attachmentsCount" : 0,
      "shouldDisplayMessage" : false,
      "hasContent" : false
    } ],
    "attachments" : [ ],
    "parameters" : [ ],
    "stepsCount" : 4,
    "attachmentsCount" : 0,
    "shouldDisplayMessage" : false,
    "hasContent" : true
  },
  "afterStages" : [ ],
  "labels" : [ {
    "name" : "epic",
    "value" : "Features"
  }, {
    "name" : "package",
    "value" : "R_102_Certificate_Template_Security"
  }, {
    "name" : "severity",
    "value" : "normal"
  }, {
    "name" : "suite",
    "value" : "R_102_Certificate_Template_Security"
  }, {
    "name" : "feature",
    "value" : "Certificate Template Security"
  }, {
    "name" : "framework",
    "value" : "behave"
  }, {
    "name" : "language",
    "value" : "cpython3"
  }, {
    "name" : "resultFormat",
    "value" : "allure2"
  } ],
  "parameters" : [ ],
  "links" : [ ],
  "hidden" : false,
  "retry" : false,
  "extra" : {
    "severity" : "normal",
    "retries" : [ ],
    "categories" : [ {
      "name" : "Product defects",
      "matchedStatuses" : [ ],
      "flaky" : false
    } ],
    "history" : {
      "statistic" : {
        "failed" : 5,
        "broken" : 0,
        "skipped" : 0,
        "passed" : 0,
        "unknown" : 0,
        "total" : 5
      },
      "items" : [ {
        "uid" : "e99bcd624fe7d2a",
        "reportUrl" : "https://Trustpoint-Project.github.io/trustpoint/23/#testresult/e99bcd624fe7d2a",
        "status" : "failed",
        "statusDetails" : "AssertionError: STEP: Given a certificate template named \"Exportable_Template\" exists\n",
        "time" : {
          "start" : 1746713380840,
          "stop" : 1746713381426,
          "duration" : 586
        }
      }, {
        "uid" : "89f9516f7d6ac01d",
        "reportUrl" : "https://Trustpoint-Project.github.io/trustpoint/22/#testresult/89f9516f7d6ac01d",
        "status" : "failed",
        "statusDetails" : "AssertionError: STEP: Given a certificate template named \"Exportable_Template\" exists\n",
        "time" : {
          "start" : 1746711088309,
          "stop" : 1746711088888,
          "duration" : 579
        }
      }, {
        "uid" : "e8ca0725e1fd1696",
        "reportUrl" : "https://Trustpoint-Project.github.io/trustpoint/21/#testresult/e8ca0725e1fd1696",
        "status" : "failed",
        "statusDetails" : "AssertionError: STEP: Given a certificate template named \"Exportable_Template\" exists\n",
        "time" : {
          "start" : 1746710253953,
          "stop" : 1746710254530,
          "duration" : 577
        }
      }, {
        "uid" : "be0ab0975f7b7894",
        "reportUrl" : "https://Trustpoint-Project.github.io/trustpoint/20/#testresult/be0ab0975f7b7894",
        "status" : "failed",
        "statusDetails" : "AssertionError: STEP: Given a certificate template named \"Exportable_Template\" exists\n",
        "time" : {
          "start" : 1746709799960,
          "stop" : 1746709800539,
          "duration" : 579
        }
      } ]
    },
    "tags" : [ ]
  },
  "source" : "feae62b887b9b7a9.json",
  "parameterValues" : [ ]
}