{
  "uid" : "99f3bc58ef84483",
  "name" : "Security level affects system behavior",
  "fullName" : "Security Level Configuration: Security level affects system behavior",
  "historyId" : "c60f8e5e3e51ac1b836f3a661458d934",
  "time" : {
    "start" : 1746705371867,
    "stop" : 1746705372454,
    "duration" : 587
  },
  "status" : "failed",
  "statusMessage" : "AssertionError: STEP: Given the TrustPoint component \"TPC_Web\" has security level \"High\"\n",
  "statusTrace" : "  File \"/home/runner/work/trustpoint/trustpoint/.venv/lib/python3.12/site-packages/behave/model.py\", line 1909, in run\n    match.run(runner.context)\n  File \"/home/runner/work/trustpoint/trustpoint/.venv/lib/python3.12/site-packages/behave/matchers.py\", line 104, in run\n    self.func(context, *args, **kwargs)\n  File \"trustpoint/features/steps/r_101_steps.py\", line 28, in step_given_component_has_security_level\n    raise AssertionError(msg)\n",
  "flaky" : false,
  "newFailed" : false,
  "beforeStages" : [ ],
  "testStage" : {
    "status" : "failed",
    "statusMessage" : "AssertionError: STEP: Given the TrustPoint component \"TPC_Web\" has security level \"High\"\n",
    "statusTrace" : "  File \"/home/runner/work/trustpoint/trustpoint/.venv/lib/python3.12/site-packages/behave/model.py\", line 1909, in run\n    match.run(runner.context)\n  File \"/home/runner/work/trustpoint/trustpoint/.venv/lib/python3.12/site-packages/behave/matchers.py\", line 104, in run\n    self.func(context, *args, **kwargs)\n  File \"trustpoint/features/steps/r_101_steps.py\", line 28, in step_given_component_has_security_level\n    raise AssertionError(msg)\n",
    "steps" : [ {
      "name" : "Given the admin user is logged into TPC_Web",
      "time" : {
        "start" : 1746705371869,
        "stop" : 1746705372421,
        "duration" : 552
      },
      "status" : "passed",
      "steps" : [ ],
      "attachments" : [ ],
      "parameters" : [ ],
      "stepsCount" : 0,
      "attachmentsCount" : 0,
      "shouldDisplayMessage" : false,
      "hasContent" : false
    }, {
      "name" : "Given the TrustPoint component \"TPC_Web\" has security level \"High\"",
      "time" : {
        "start" : 1746705372421,
        "stop" : 1746705372421,
        "duration" : 0
      },
      "status" : "failed",
      "statusMessage" : "AssertionError: STEP: Given the TrustPoint component \"TPC_Web\" has security level \"High\"\n",
      "statusTrace" : "  File \"/home/runner/work/trustpoint/trustpoint/.venv/lib/python3.12/site-packages/behave/model.py\", line 1909, in run\n    match.run(runner.context)\n  File \"/home/runner/work/trustpoint/trustpoint/.venv/lib/python3.12/site-packages/behave/matchers.py\", line 104, in run\n    self.func(context, *args, **kwargs)\n  File \"trustpoint/features/steps/r_101_steps.py\", line 28, in step_given_component_has_security_level\n    raise AssertionError(msg)\n",
      "steps" : [ ],
      "attachments" : [ ],
      "parameters" : [ ],
      "stepsCount" : 0,
      "attachmentsCount" : 0,
      "shouldDisplayMessage" : true,
      "hasContent" : true
    }, {
      "name" : "When an unauthorized user attempts access",
      "time" : {
        "start" : 1746705372454,
        "stop" : 1746705372454,
        "duration" : 0
      },
      "status" : "skipped",
      "steps" : [ ],
      "attachments" : [ ],
      "parameters" : [ ],
      "stepsCount" : 0,
      "attachmentsCount" : 0,
      "shouldDisplayMessage" : false,
      "hasContent" : false
    }, {
      "name" : "Then access should be denied",
      "time" : {
        "start" : 1746705372454,
        "stop" : 1746705372454,
        "duration" : 0
      },
      "status" : "skipped",
      "steps" : [ ],
      "attachments" : [ ],
      "parameters" : [ ],
      "stepsCount" : 0,
      "attachmentsCount" : 0,
      "shouldDisplayMessage" : false,
      "hasContent" : false
    } ],
    "attachments" : [ ],
    "parameters" : [ ],
    "stepsCount" : 4,
    "attachmentsCount" : 0,
    "shouldDisplayMessage" : false,
    "hasContent" : true
  },
  "afterStages" : [ ],
  "labels" : [ {
    "name" : "severity",
    "value" : "normal"
  }, {
    "name" : "feature",
    "value" : "Security Level Configuration"
  }, {
    "name" : "framework",
    "value" : "behave"
  }, {
    "name" : "language",
    "value" : "cpython3"
  }, {
    "name" : "resultFormat",
    "value" : "allure2"
  } ],
  "parameters" : [ ],
  "links" : [ ],
  "hidden" : false,
  "retry" : false,
  "extra" : {
    "severity" : "normal",
    "retries" : [ ],
    "categories" : [ {
      "name" : "Product defects",
      "matchedStatuses" : [ ],
      "flaky" : false
    } ],
    "history" : {
      "statistic" : {
        "failed" : 2,
        "broken" : 0,
        "skipped" : 0,
        "passed" : 0,
        "unknown" : 0,
        "total" : 2
      },
      "items" : [ {
        "uid" : "42fed6decfc8fcd4",
        "reportUrl" : "https://Trustpoint-Project.github.io/trustpoint/16/#testresult/42fed6decfc8fcd4",
        "status" : "failed",
        "statusDetails" : "AssertionError: STEP: Given the TrustPoint component \"TPC_Web\" has security level \"High\"\n",
        "time" : {
          "start" : 1746616923318,
          "stop" : 1746616923910,
          "duration" : 592
        }
      } ]
    },
    "tags" : [ ]
  },
  "source" : "99f3bc58ef84483.json",
  "parameterValues" : [ ]
}