{
  "uid" : "f58f85ec4bed07f8",
  "name" : "Verification of generated CA details",
  "fullName" : "Auto-Generated Issuing CAs: Verification of generated CA details",
  "historyId" : "0033b990b82416d6e36750478a5a9b04",
  "time" : {
    "start" : 1746705363465,
    "stop" : 1746705364038,
    "duration" : 573
  },
  "status" : "failed",
  "statusMessage" : "AssertionError: STEP: When the admin inspects the generated CA details\n",
  "statusTrace" : "  File \"/home/runner/work/trustpoint/trustpoint/.venv/lib/python3.12/site-packages/behave/model.py\", line 1909, in run\n    match.run(runner.context)\n  File \"/home/runner/work/trustpoint/trustpoint/.venv/lib/python3.12/site-packages/behave/matchers.py\", line 104, in run\n    self.func(context, *args, **kwargs)\n  File \"trustpoint/features/steps/r_008_steps.py\", line 104, in step_when_admin_inspects_ca\n    raise AssertionError(msg)\n",
  "flaky" : false,
  "newFailed" : false,
  "beforeStages" : [ ],
  "testStage" : {
    "status" : "failed",
    "statusMessage" : "AssertionError: STEP: When the admin inspects the generated CA details\n",
    "statusTrace" : "  File \"/home/runner/work/trustpoint/trustpoint/.venv/lib/python3.12/site-packages/behave/model.py\", line 1909, in run\n    match.run(runner.context)\n  File \"/home/runner/work/trustpoint/trustpoint/.venv/lib/python3.12/site-packages/behave/matchers.py\", line 104, in run\n    self.func(context, *args, **kwargs)\n  File \"trustpoint/features/steps/r_008_steps.py\", line 104, in step_when_admin_inspects_ca\n    raise AssertionError(msg)\n",
    "steps" : [ {
      "name" : "Given the admin user is logged into TPC_Web",
      "time" : {
        "start" : 1746705363467,
        "stop" : 1746705364009,
        "duration" : 542
      },
      "status" : "passed",
      "steps" : [ ],
      "attachments" : [ ],
      "parameters" : [ ],
      "stepsCount" : 0,
      "attachmentsCount" : 0,
      "shouldDisplayMessage" : false,
      "hasContent" : false
    }, {
      "name" : "When the admin inspects the generated CA details",
      "time" : {
        "start" : 1746705364009,
        "stop" : 1746705364009,
        "duration" : 0
      },
      "status" : "failed",
      "statusMessage" : "AssertionError: STEP: When the admin inspects the generated CA details\n",
      "statusTrace" : "  File \"/home/runner/work/trustpoint/trustpoint/.venv/lib/python3.12/site-packages/behave/model.py\", line 1909, in run\n    match.run(runner.context)\n  File \"/home/runner/work/trustpoint/trustpoint/.venv/lib/python3.12/site-packages/behave/matchers.py\", line 104, in run\n    self.func(context, *args, **kwargs)\n  File \"trustpoint/features/steps/r_008_steps.py\", line 104, in step_when_admin_inspects_ca\n    raise AssertionError(msg)\n",
      "steps" : [ ],
      "attachments" : [ ],
      "parameters" : [ ],
      "stepsCount" : 0,
      "attachmentsCount" : 0,
      "shouldDisplayMessage" : true,
      "hasContent" : true
    }, {
      "name" : "Then the CA should contain:",
      "time" : {
        "start" : 1746705364038,
        "stop" : 1746705364038,
        "duration" : 0
      },
      "status" : "skipped",
      "steps" : [ ],
      "attachments" : [ {
        "uid" : "7c029f9ab0d98e3",
        "name" : ".table",
        "source" : "7c029f9ab0d98e3.csv",
        "type" : "text/csv",
        "size" : 108
      } ],
      "parameters" : [ ],
      "stepsCount" : 0,
      "attachmentsCount" : 1,
      "shouldDisplayMessage" : false,
      "hasContent" : true
    } ],
    "attachments" : [ ],
    "parameters" : [ ],
    "stepsCount" : 3,
    "attachmentsCount" : 1,
    "shouldDisplayMessage" : false,
    "hasContent" : true
  },
  "afterStages" : [ ],
  "labels" : [ {
    "name" : "severity",
    "value" : "normal"
  }, {
    "name" : "feature",
    "value" : "Auto-Generated Issuing CAs"
  }, {
    "name" : "framework",
    "value" : "behave"
  }, {
    "name" : "language",
    "value" : "cpython3"
  }, {
    "name" : "resultFormat",
    "value" : "allure2"
  } ],
  "parameters" : [ ],
  "links" : [ ],
  "hidden" : false,
  "retry" : false,
  "extra" : {
    "severity" : "normal",
    "retries" : [ ],
    "categories" : [ {
      "name" : "Product defects",
      "matchedStatuses" : [ ],
      "flaky" : false
    } ],
    "history" : {
      "statistic" : {
        "failed" : 2,
        "broken" : 0,
        "skipped" : 0,
        "passed" : 0,
        "unknown" : 0,
        "total" : 2
      },
      "items" : [ {
        "uid" : "b2f2a91acdb54632",
        "reportUrl" : "https://Trustpoint-Project.github.io/trustpoint/16/#testresult/b2f2a91acdb54632",
        "status" : "failed",
        "statusDetails" : "AssertionError: STEP: When the admin inspects the generated CA details\n",
        "time" : {
          "start" : 1746616914790,
          "stop" : 1746616915368,
          "duration" : 578
        }
      } ]
    },
    "tags" : [ ]
  },
  "source" : "f58f85ec4bed07f8.json",
  "parameterValues" : [ ]
}