{
  "uid" : "9778938fe26c3c0",
  "name" : "Logging user actions -- @1.3 ",
  "fullName" : "Logging Capabilities: Logging user actions",
  "historyId" : "195b87ae51c066eb73306195133be09e",
  "time" : {
    "start" : 1746710234647,
    "stop" : 1746710235215,
    "duration" : 568
  },
  "status" : "failed",
  "statusMessage" : "AssertionError: STEP: When the admin performs an action delete\n",
  "statusTrace" : "  File \"/home/runner/work/trustpoint/trustpoint/.venv/lib/python3.12/site-packages/behave/model.py\", line 1909, in run\n    match.run(runner.context)\n  File \"/home/runner/work/trustpoint/trustpoint/.venv/lib/python3.12/site-packages/behave/matchers.py\", line 104, in run\n    self.func(context, *args, **kwargs)\n  File \"trustpoint/features/steps/r_007_steps.py\", line 15, in step_when_admin_performs_action\n    raise AssertionError(msg)\n",
  "flaky" : false,
  "newFailed" : false,
  "beforeStages" : [ ],
  "testStage" : {
    "status" : "failed",
    "statusMessage" : "AssertionError: STEP: When the admin performs an action delete\n",
    "statusTrace" : "  File \"/home/runner/work/trustpoint/trustpoint/.venv/lib/python3.12/site-packages/behave/model.py\", line 1909, in run\n    match.run(runner.context)\n  File \"/home/runner/work/trustpoint/trustpoint/.venv/lib/python3.12/site-packages/behave/matchers.py\", line 104, in run\n    self.func(context, *args, **kwargs)\n  File \"trustpoint/features/steps/r_007_steps.py\", line 15, in step_when_admin_performs_action\n    raise AssertionError(msg)\n",
    "steps" : [ {
      "name" : "Given the admin user is logged into TPC_Web",
      "time" : {
        "start" : 1746710234649,
        "stop" : 1746710235187,
        "duration" : 538
      },
      "status" : "passed",
      "steps" : [ ],
      "attachments" : [ ],
      "parameters" : [ ],
      "stepsCount" : 0,
      "attachmentsCount" : 0,
      "shouldDisplayMessage" : false,
      "hasContent" : false
    }, {
      "name" : "When the admin performs an action delete",
      "time" : {
        "start" : 1746710235187,
        "stop" : 1746710235187,
        "duration" : 0
      },
      "status" : "failed",
      "statusMessage" : "AssertionError: STEP: When the admin performs an action delete\n",
      "statusTrace" : "  File \"/home/runner/work/trustpoint/trustpoint/.venv/lib/python3.12/site-packages/behave/model.py\", line 1909, in run\n    match.run(runner.context)\n  File \"/home/runner/work/trustpoint/trustpoint/.venv/lib/python3.12/site-packages/behave/matchers.py\", line 104, in run\n    self.func(context, *args, **kwargs)\n  File \"trustpoint/features/steps/r_007_steps.py\", line 15, in step_when_admin_performs_action\n    raise AssertionError(msg)\n",
      "steps" : [ ],
      "attachments" : [ ],
      "parameters" : [ ],
      "stepsCount" : 0,
      "attachmentsCount" : 0,
      "shouldDisplayMessage" : true,
      "hasContent" : true
    }, {
      "name" : "Then the system logs the action delete with relevant details",
      "time" : {
        "start" : 1746710235215,
        "stop" : 1746710235215,
        "duration" : 0
      },
      "status" : "skipped",
      "steps" : [ ],
      "attachments" : [ ],
      "parameters" : [ ],
      "stepsCount" : 0,
      "attachmentsCount" : 0,
      "shouldDisplayMessage" : false,
      "hasContent" : false
    } ],
    "attachments" : [ ],
    "parameters" : [ ],
    "stepsCount" : 3,
    "attachmentsCount" : 0,
    "shouldDisplayMessage" : false,
    "hasContent" : true
  },
  "afterStages" : [ ],
  "labels" : [ {
    "name" : "severity",
    "value" : "normal"
  }, {
    "name" : "feature",
    "value" : "Logging Capabilities"
  }, {
    "name" : "framework",
    "value" : "behave"
  }, {
    "name" : "language",
    "value" : "cpython3"
  }, {
    "name" : "resultFormat",
    "value" : "allure2"
  } ],
  "parameters" : [ {
    "name" : "action",
    "value" : "delete"
  } ],
  "links" : [ ],
  "hidden" : false,
  "retry" : false,
  "extra" : {
    "severity" : "normal",
    "retries" : [ ],
    "categories" : [ {
      "name" : "Product defects",
      "matchedStatuses" : [ ],
      "flaky" : false
    } ],
    "history" : {
      "statistic" : {
        "failed" : 2,
        "broken" : 0,
        "skipped" : 0,
        "passed" : 0,
        "unknown" : 0,
        "total" : 2
      },
      "items" : [ {
        "uid" : "9430267ee94361d",
        "reportUrl" : "https://Trustpoint-Project.github.io/trustpoint/20/#testresult/9430267ee94361d",
        "status" : "failed",
        "statusDetails" : "AssertionError: STEP: When the admin performs an action delete\n",
        "time" : {
          "start" : 1746709780774,
          "stop" : 1746709781341,
          "duration" : 567
        }
      } ]
    },
    "tags" : [ ]
  },
  "source" : "9778938fe26c3c0.json",
  "parameterValues" : [ "delete" ]
}