{
  "uid" : "218bd7aad18fc25d",
  "name" : "Unauthorized export attempt",
  "fullName" : "Certificate Template Security: Unauthorized export attempt",
  "historyId" : "147794cc9fdf1e7d9040ef6ace2be08f",
  "time" : {
    "start" : 1746708265903,
    "stop" : 1746708266483,
    "duration" : 580
  },
  "status" : "failed",
  "statusMessage" : "AssertionError: STEP: Given a certificate template named \"Exportable_Template\" exists\n",
  "statusTrace" : "  File \"/home/runner/work/trustpoint/trustpoint/.venv/lib/python3.12/site-packages/behave/model.py\", line 1909, in run\n    match.run(runner.context)\n  File \"/home/runner/work/trustpoint/trustpoint/.venv/lib/python3.12/site-packages/behave/matchers.py\", line 104, in run\n    self.func(context, *args, **kwargs)\n  File \"trustpoint/features/steps/r_102_steps.py\", line 27, in step_given_certificate_template_exists\n    raise AssertionError(msg)\n",
  "flaky" : false,
  "newFailed" : false,
  "beforeStages" : [ ],
  "testStage" : {
    "status" : "failed",
    "statusMessage" : "AssertionError: STEP: Given a certificate template named \"Exportable_Template\" exists\n",
    "statusTrace" : "  File \"/home/runner/work/trustpoint/trustpoint/.venv/lib/python3.12/site-packages/behave/model.py\", line 1909, in run\n    match.run(runner.context)\n  File \"/home/runner/work/trustpoint/trustpoint/.venv/lib/python3.12/site-packages/behave/matchers.py\", line 104, in run\n    self.func(context, *args, **kwargs)\n  File \"trustpoint/features/steps/r_102_steps.py\", line 27, in step_given_certificate_template_exists\n    raise AssertionError(msg)\n",
    "steps" : [ {
      "name" : "Given the admin user is logged into TPC_Web",
      "time" : {
        "start" : 1746708265906,
        "stop" : 1746708266449,
        "duration" : 543
      },
      "status" : "passed",
      "steps" : [ ],
      "attachments" : [ ],
      "parameters" : [ ],
      "stepsCount" : 0,
      "attachmentsCount" : 0,
      "shouldDisplayMessage" : false,
      "hasContent" : false
    }, {
      "name" : "Given a certificate template named \"Exportable_Template\" exists",
      "time" : {
        "start" : 1746708266449,
        "stop" : 1746708266449,
        "duration" : 0
      },
      "status" : "failed",
      "statusMessage" : "AssertionError: STEP: Given a certificate template named \"Exportable_Template\" exists\n",
      "statusTrace" : "  File \"/home/runner/work/trustpoint/trustpoint/.venv/lib/python3.12/site-packages/behave/model.py\", line 1909, in run\n    match.run(runner.context)\n  File \"/home/runner/work/trustpoint/trustpoint/.venv/lib/python3.12/site-packages/behave/matchers.py\", line 104, in run\n    self.func(context, *args, **kwargs)\n  File \"trustpoint/features/steps/r_102_steps.py\", line 27, in step_given_certificate_template_exists\n    raise AssertionError(msg)\n",
      "steps" : [ ],
      "attachments" : [ ],
      "parameters" : [ ],
      "stepsCount" : 0,
      "attachmentsCount" : 0,
      "shouldDisplayMessage" : true,
      "hasContent" : true
    }, {
      "name" : "When a non-admin user attempts to export the template",
      "time" : {
        "start" : 1746708266483,
        "stop" : 1746708266483,
        "duration" : 0
      },
      "status" : "skipped",
      "steps" : [ ],
      "attachments" : [ ],
      "parameters" : [ ],
      "stepsCount" : 0,
      "attachmentsCount" : 0,
      "shouldDisplayMessage" : false,
      "hasContent" : false
    }, {
      "name" : "Then export should be denied",
      "time" : {
        "start" : 1746708266483,
        "stop" : 1746708266483,
        "duration" : 0
      },
      "status" : "skipped",
      "steps" : [ ],
      "attachments" : [ ],
      "parameters" : [ ],
      "stepsCount" : 0,
      "attachmentsCount" : 0,
      "shouldDisplayMessage" : false,
      "hasContent" : false
    }, {
      "name" : "And the attempt should be logged",
      "time" : {
        "start" : 1746708266483,
        "stop" : 1746708266483,
        "duration" : 0
      },
      "status" : "skipped",
      "steps" : [ ],
      "attachments" : [ ],
      "parameters" : [ ],
      "stepsCount" : 0,
      "attachmentsCount" : 0,
      "shouldDisplayMessage" : false,
      "hasContent" : false
    } ],
    "attachments" : [ ],
    "parameters" : [ ],
    "stepsCount" : 5,
    "attachmentsCount" : 0,
    "shouldDisplayMessage" : false,
    "hasContent" : true
  },
  "afterStages" : [ ],
  "labels" : [ {
    "name" : "severity",
    "value" : "normal"
  }, {
    "name" : "feature",
    "value" : "Certificate Template Security"
  }, {
    "name" : "framework",
    "value" : "behave"
  }, {
    "name" : "language",
    "value" : "cpython3"
  }, {
    "name" : "resultFormat",
    "value" : "allure2"
  } ],
  "parameters" : [ ],
  "links" : [ ],
  "hidden" : false,
  "retry" : false,
  "extra" : {
    "severity" : "normal",
    "retries" : [ ],
    "categories" : [ {
      "name" : "Product defects",
      "matchedStatuses" : [ ],
      "flaky" : false
    } ],
    "history" : {
      "statistic" : {
        "failed" : 3,
        "broken" : 0,
        "skipped" : 0,
        "passed" : 0,
        "unknown" : 0,
        "total" : 3
      },
      "items" : [ {
        "uid" : "76c7f79b50812ef",
        "reportUrl" : "https://Trustpoint-Project.github.io/trustpoint/17/#testresult/76c7f79b50812ef",
        "status" : "failed",
        "statusDetails" : "AssertionError: STEP: Given a certificate template named \"Exportable_Template\" exists\n",
        "time" : {
          "start" : 1746705377154,
          "stop" : 1746705377741,
          "duration" : 587
        }
      }, {
        "uid" : "64418311c32e9079",
        "reportUrl" : "https://Trustpoint-Project.github.io/trustpoint/16/#testresult/64418311c32e9079",
        "status" : "failed",
        "statusDetails" : "AssertionError: STEP: Given a certificate template named \"Exportable_Template\" exists\n",
        "time" : {
          "start" : 1746616928621,
          "stop" : 1746616929208,
          "duration" : 587
        }
      } ]
    },
    "tags" : [ ]
  },
  "source" : "218bd7aad18fc25d.json",
  "parameterValues" : [ ]
}