{
  "uid" : "2342378be8d9a570",
  "name" : "Auto-generation with different configurations -- @1.2 ",
  "fullName" : "Auto-Generated Issuing CAs: Auto-generation with different configurations",
  "historyId" : "7779bcba3d5734bc5d8a5305ff78ca73",
  "time" : {
    "start" : 1746708250818,
    "stop" : 1746708251392,
    "duration" : 574
  },
  "status" : "failed",
  "statusMessage" : "AssertionError: STEP: When the admin sets the following CA configuration\n",
  "statusTrace" : "  File \"/home/runner/work/trustpoint/trustpoint/.venv/lib/python3.12/site-packages/behave/model.py\", line 1909, in run\n    match.run(runner.context)\n  File \"/home/runner/work/trustpoint/trustpoint/.venv/lib/python3.12/site-packages/behave/matchers.py\", line 104, in run\n    self.func(context, *args, **kwargs)\n  File \"trustpoint/features/steps/r_008_steps.py\", line 49, in step_when_admin_sets_ca_config\n    raise AssertionError(msg)\n",
  "flaky" : false,
  "newFailed" : false,
  "beforeStages" : [ ],
  "testStage" : {
    "status" : "failed",
    "statusMessage" : "AssertionError: STEP: When the admin sets the following CA configuration\n",
    "statusTrace" : "  File \"/home/runner/work/trustpoint/trustpoint/.venv/lib/python3.12/site-packages/behave/model.py\", line 1909, in run\n    match.run(runner.context)\n  File \"/home/runner/work/trustpoint/trustpoint/.venv/lib/python3.12/site-packages/behave/matchers.py\", line 104, in run\n    self.func(context, *args, **kwargs)\n  File \"trustpoint/features/steps/r_008_steps.py\", line 49, in step_when_admin_sets_ca_config\n    raise AssertionError(msg)\n",
    "steps" : [ {
      "name" : "Given the admin user is logged into TPC_Web",
      "time" : {
        "start" : 1746708250820,
        "stop" : 1746708251362,
        "duration" : 542
      },
      "status" : "passed",
      "steps" : [ ],
      "attachments" : [ ],
      "parameters" : [ ],
      "stepsCount" : 0,
      "attachmentsCount" : 0,
      "shouldDisplayMessage" : false,
      "hasContent" : false
    }, {
      "name" : "When the admin sets the following CA configuration:",
      "time" : {
        "start" : 1746708251363,
        "stop" : 1746708251363,
        "duration" : 0
      },
      "status" : "failed",
      "statusMessage" : "AssertionError: STEP: When the admin sets the following CA configuration\n",
      "statusTrace" : "  File \"/home/runner/work/trustpoint/trustpoint/.venv/lib/python3.12/site-packages/behave/model.py\", line 1909, in run\n    match.run(runner.context)\n  File \"/home/runner/work/trustpoint/trustpoint/.venv/lib/python3.12/site-packages/behave/matchers.py\", line 104, in run\n    self.func(context, *args, **kwargs)\n  File \"trustpoint/features/steps/r_008_steps.py\", line 49, in step_when_admin_sets_ca_config\n    raise AssertionError(msg)\n",
      "steps" : [ ],
      "attachments" : [ {
        "uid" : "fa473ba77788f69e",
        "name" : ".table",
        "source" : "fa473ba77788f69e.csv",
        "type" : "text/csv",
        "size" : 59
      } ],
      "parameters" : [ ],
      "stepsCount" : 0,
      "attachmentsCount" : 1,
      "shouldDisplayMessage" : true,
      "hasContent" : true
    }, {
      "name" : "Then the system generates a CA with:",
      "time" : {
        "start" : 1746708251392,
        "stop" : 1746708251392,
        "duration" : 0
      },
      "status" : "skipped",
      "steps" : [ ],
      "attachments" : [ {
        "uid" : "399fcbd7e4d5df10",
        "name" : ".table",
        "source" : "399fcbd7e4d5df10.csv",
        "type" : "text/csv",
        "size" : 59
      } ],
      "parameters" : [ ],
      "stepsCount" : 0,
      "attachmentsCount" : 1,
      "shouldDisplayMessage" : false,
      "hasContent" : true
    } ],
    "attachments" : [ ],
    "parameters" : [ ],
    "stepsCount" : 3,
    "attachmentsCount" : 2,
    "shouldDisplayMessage" : false,
    "hasContent" : true
  },
  "afterStages" : [ ],
  "labels" : [ {
    "name" : "severity",
    "value" : "normal"
  }, {
    "name" : "feature",
    "value" : "Auto-Generated Issuing CAs"
  }, {
    "name" : "framework",
    "value" : "behave"
  }, {
    "name" : "language",
    "value" : "cpython3"
  }, {
    "name" : "resultFormat",
    "value" : "allure2"
  } ],
  "parameters" : [ {
    "name" : "key_size",
    "value" : "4096"
  }, {
    "name" : "subject_name",
    "value" : "Secure_CA"
  }, {
    "name" : "validity",
    "value" : "730"
  } ],
  "links" : [ ],
  "hidden" : false,
  "retry" : false,
  "extra" : {
    "severity" : "normal",
    "retries" : [ ],
    "categories" : [ {
      "name" : "Product defects",
      "matchedStatuses" : [ ],
      "flaky" : false
    } ],
    "history" : {
      "statistic" : {
        "failed" : 3,
        "broken" : 0,
        "skipped" : 0,
        "passed" : 0,
        "unknown" : 0,
        "total" : 3
      },
      "items" : [ {
        "uid" : "f80fed142b2abf0",
        "reportUrl" : "https://Trustpoint-Project.github.io/trustpoint/17/#testresult/f80fed142b2abf0",
        "status" : "failed",
        "statusDetails" : "AssertionError: STEP: When the admin sets the following CA configuration\n",
        "time" : {
          "start" : 1746705362320,
          "stop" : 1746705362892,
          "duration" : 572
        }
      }, {
        "uid" : "9cc5bbad7b30a80c",
        "reportUrl" : "https://Trustpoint-Project.github.io/trustpoint/16/#testresult/9cc5bbad7b30a80c",
        "status" : "failed",
        "statusDetails" : "AssertionError: STEP: When the admin sets the following CA configuration\n",
        "time" : {
          "start" : 1746616913631,
          "stop" : 1746616914209,
          "duration" : 578
        }
      } ]
    },
    "tags" : [ ]
  },
  "source" : "2342378be8d9a570.json",
  "parameterValues" : [ "4096", "Secure_CA", "730" ]
}