{
  "uid" : "577b08e20eb69aa6",
  "name" : "Authorized user accesses certificate templates -- @1.1 ",
  "fullName" : "Certificate Template Security: Authorized user accesses certificate templates",
  "historyId" : "8c565dc2571393aaa925fbe732b53ee9",
  "time" : {
    "start" : 1746708261840,
    "stop" : 1746708262419,
    "duration" : 579
  },
  "status" : "failed",
  "statusMessage" : "AssertionError: STEP: Given the user has role Admin\n",
  "statusTrace" : "  File \"/home/runner/work/trustpoint/trustpoint/.venv/lib/python3.12/site-packages/behave/model.py\", line 1909, in run\n    match.run(runner.context)\n  File \"/home/runner/work/trustpoint/trustpoint/.venv/lib/python3.12/site-packages/behave/matchers.py\", line 104, in run\n    self.func(context, *args, **kwargs)\n  File \"trustpoint/features/steps/r_102_steps.py\", line 15, in step_given_user_role\n    raise AssertionError(msg)\n",
  "flaky" : false,
  "newFailed" : false,
  "beforeStages" : [ ],
  "testStage" : {
    "status" : "failed",
    "statusMessage" : "AssertionError: STEP: Given the user has role Admin\n",
    "statusTrace" : "  File \"/home/runner/work/trustpoint/trustpoint/.venv/lib/python3.12/site-packages/behave/model.py\", line 1909, in run\n    match.run(runner.context)\n  File \"/home/runner/work/trustpoint/trustpoint/.venv/lib/python3.12/site-packages/behave/matchers.py\", line 104, in run\n    self.func(context, *args, **kwargs)\n  File \"trustpoint/features/steps/r_102_steps.py\", line 15, in step_given_user_role\n    raise AssertionError(msg)\n",
    "steps" : [ {
      "name" : "Given the admin user is logged into TPC_Web",
      "time" : {
        "start" : 1746708261843,
        "stop" : 1746708262385,
        "duration" : 542
      },
      "status" : "passed",
      "steps" : [ ],
      "attachments" : [ ],
      "parameters" : [ ],
      "stepsCount" : 0,
      "attachmentsCount" : 0,
      "shouldDisplayMessage" : false,
      "hasContent" : false
    }, {
      "name" : "Given the user has role Admin",
      "time" : {
        "start" : 1746708262385,
        "stop" : 1746708262386,
        "duration" : 1
      },
      "status" : "failed",
      "statusMessage" : "AssertionError: STEP: Given the user has role Admin\n",
      "statusTrace" : "  File \"/home/runner/work/trustpoint/trustpoint/.venv/lib/python3.12/site-packages/behave/model.py\", line 1909, in run\n    match.run(runner.context)\n  File \"/home/runner/work/trustpoint/trustpoint/.venv/lib/python3.12/site-packages/behave/matchers.py\", line 104, in run\n    self.func(context, *args, **kwargs)\n  File \"trustpoint/features/steps/r_102_steps.py\", line 15, in step_given_user_role\n    raise AssertionError(msg)\n",
      "steps" : [ ],
      "attachments" : [ ],
      "parameters" : [ ],
      "stepsCount" : 0,
      "attachmentsCount" : 0,
      "shouldDisplayMessage" : true,
      "hasContent" : true
    }, {
      "name" : "When the user attempts to access certificate templates",
      "time" : {
        "start" : 1746708262419,
        "stop" : 1746708262419,
        "duration" : 0
      },
      "status" : "skipped",
      "steps" : [ ],
      "attachments" : [ ],
      "parameters" : [ ],
      "stepsCount" : 0,
      "attachmentsCount" : 0,
      "shouldDisplayMessage" : false,
      "hasContent" : false
    }, {
      "name" : "Then access should be granted",
      "time" : {
        "start" : 1746708262419,
        "stop" : 1746708262419,
        "duration" : 0
      },
      "status" : "skipped",
      "steps" : [ ],
      "attachments" : [ ],
      "parameters" : [ ],
      "stepsCount" : 0,
      "attachmentsCount" : 0,
      "shouldDisplayMessage" : false,
      "hasContent" : false
    } ],
    "attachments" : [ ],
    "parameters" : [ ],
    "stepsCount" : 4,
    "attachmentsCount" : 0,
    "shouldDisplayMessage" : false,
    "hasContent" : true
  },
  "afterStages" : [ ],
  "labels" : [ {
    "name" : "severity",
    "value" : "normal"
  }, {
    "name" : "feature",
    "value" : "Certificate Template Security"
  }, {
    "name" : "framework",
    "value" : "behave"
  }, {
    "name" : "language",
    "value" : "cpython3"
  }, {
    "name" : "resultFormat",
    "value" : "allure2"
  } ],
  "parameters" : [ {
    "name" : "access_outcome",
    "value" : "granted"
  }, {
    "name" : "role",
    "value" : "Admin"
  } ],
  "links" : [ ],
  "hidden" : false,
  "retry" : false,
  "extra" : {
    "severity" : "normal",
    "retries" : [ ],
    "categories" : [ {
      "name" : "Product defects",
      "matchedStatuses" : [ ],
      "flaky" : false
    } ],
    "history" : {
      "statistic" : {
        "failed" : 3,
        "broken" : 0,
        "skipped" : 0,
        "passed" : 0,
        "unknown" : 0,
        "total" : 3
      },
      "items" : [ {
        "uid" : "63cd81e11c1c1069",
        "reportUrl" : "https://Trustpoint-Project.github.io/trustpoint/17/#testresult/63cd81e11c1c1069",
        "status" : "failed",
        "statusDetails" : "AssertionError: STEP: Given the user has role Admin\n",
        "time" : {
          "start" : 1746705373041,
          "stop" : 1746705373628,
          "duration" : 587
        }
      }, {
        "uid" : "85dcee7784f1fbdf",
        "reportUrl" : "https://Trustpoint-Project.github.io/trustpoint/16/#testresult/85dcee7784f1fbdf",
        "status" : "failed",
        "statusDetails" : "AssertionError: STEP: Given the user has role Admin\n",
        "time" : {
          "start" : 1746616924508,
          "stop" : 1746616925095,
          "duration" : 587
        }
      } ]
    },
    "tags" : [ ]
  },
  "source" : "577b08e20eb69aa6.json",
  "parameterValues" : [ "granted", "Admin" ]
}