{
  "uid" : "62a3ee588618a48c",
  "name" : "Retrieving and filtering logs -- @1.1 ",
  "fullName" : "Logging Capabilities: Retrieving and filtering logs",
  "historyId" : "afe5b3a7e688490aed42ca55884b706a",
  "time" : {
    "start" : 1746708246230,
    "stop" : 1746708246804,
    "duration" : 574
  },
  "status" : "failed",
  "statusMessage" : "AssertionError: STEP: When the admin retrieves logs for the time range last 24 hours\n",
  "statusTrace" : "  File \"/home/runner/work/trustpoint/trustpoint/.venv/lib/python3.12/site-packages/behave/model.py\", line 1909, in run\n    match.run(runner.context)\n  File \"/home/runner/work/trustpoint/trustpoint/.venv/lib/python3.12/site-packages/behave/matchers.py\", line 104, in run\n    self.func(context, *args, **kwargs)\n  File \"trustpoint/features/steps/r_007_steps.py\", line 39, in step_when_admin_retrieves_logs\n    raise AssertionError(msg)\n",
  "flaky" : false,
  "newFailed" : false,
  "beforeStages" : [ ],
  "testStage" : {
    "status" : "failed",
    "statusMessage" : "AssertionError: STEP: When the admin retrieves logs for the time range last 24 hours\n",
    "statusTrace" : "  File \"/home/runner/work/trustpoint/trustpoint/.venv/lib/python3.12/site-packages/behave/model.py\", line 1909, in run\n    match.run(runner.context)\n  File \"/home/runner/work/trustpoint/trustpoint/.venv/lib/python3.12/site-packages/behave/matchers.py\", line 104, in run\n    self.func(context, *args, **kwargs)\n  File \"trustpoint/features/steps/r_007_steps.py\", line 39, in step_when_admin_retrieves_logs\n    raise AssertionError(msg)\n",
    "steps" : [ {
      "name" : "Given the admin user is logged into TPC_Web",
      "time" : {
        "start" : 1746708246232,
        "stop" : 1746708246775,
        "duration" : 543
      },
      "status" : "passed",
      "steps" : [ ],
      "attachments" : [ ],
      "parameters" : [ ],
      "stepsCount" : 0,
      "attachmentsCount" : 0,
      "shouldDisplayMessage" : false,
      "hasContent" : false
    }, {
      "name" : "When the admin retrieves logs for the time range last 24 hours",
      "time" : {
        "start" : 1746708246775,
        "stop" : 1746708246775,
        "duration" : 0
      },
      "status" : "failed",
      "statusMessage" : "AssertionError: STEP: When the admin retrieves logs for the time range last 24 hours\n",
      "statusTrace" : "  File \"/home/runner/work/trustpoint/trustpoint/.venv/lib/python3.12/site-packages/behave/model.py\", line 1909, in run\n    match.run(runner.context)\n  File \"/home/runner/work/trustpoint/trustpoint/.venv/lib/python3.12/site-packages/behave/matchers.py\", line 104, in run\n    self.func(context, *args, **kwargs)\n  File \"trustpoint/features/steps/r_007_steps.py\", line 39, in step_when_admin_retrieves_logs\n    raise AssertionError(msg)\n",
      "steps" : [ ],
      "attachments" : [ ],
      "parameters" : [ ],
      "stepsCount" : 0,
      "attachmentsCount" : 0,
      "shouldDisplayMessage" : true,
      "hasContent" : true
    }, {
      "name" : "Then the system displays logs within the last 24 hours",
      "time" : {
        "start" : 1746708246804,
        "stop" : 1746708246804,
        "duration" : 0
      },
      "status" : "skipped",
      "steps" : [ ],
      "attachments" : [ ],
      "parameters" : [ ],
      "stepsCount" : 0,
      "attachmentsCount" : 0,
      "shouldDisplayMessage" : false,
      "hasContent" : false
    }, {
      "name" : "And logs can be filtered by user",
      "time" : {
        "start" : 1746708246804,
        "stop" : 1746708246804,
        "duration" : 0
      },
      "status" : "skipped",
      "steps" : [ ],
      "attachments" : [ ],
      "parameters" : [ ],
      "stepsCount" : 0,
      "attachmentsCount" : 0,
      "shouldDisplayMessage" : false,
      "hasContent" : false
    } ],
    "attachments" : [ ],
    "parameters" : [ ],
    "stepsCount" : 4,
    "attachmentsCount" : 0,
    "shouldDisplayMessage" : false,
    "hasContent" : true
  },
  "afterStages" : [ ],
  "labels" : [ {
    "name" : "severity",
    "value" : "normal"
  }, {
    "name" : "feature",
    "value" : "Logging Capabilities"
  }, {
    "name" : "framework",
    "value" : "behave"
  }, {
    "name" : "language",
    "value" : "cpython3"
  }, {
    "name" : "resultFormat",
    "value" : "allure2"
  } ],
  "parameters" : [ {
    "name" : "filter_criteria",
    "value" : "user"
  }, {
    "name" : "time_range",
    "value" : "last 24 hours"
  } ],
  "links" : [ ],
  "hidden" : false,
  "retry" : false,
  "extra" : {
    "severity" : "normal",
    "retries" : [ ],
    "categories" : [ {
      "name" : "Product defects",
      "matchedStatuses" : [ ],
      "flaky" : false
    } ],
    "history" : {
      "statistic" : {
        "failed" : 3,
        "broken" : 0,
        "skipped" : 0,
        "passed" : 0,
        "unknown" : 0,
        "total" : 3
      },
      "items" : [ {
        "uid" : "25dafda7603ba02e",
        "reportUrl" : "https://Trustpoint-Project.github.io/trustpoint/17/#testresult/25dafda7603ba02e",
        "status" : "failed",
        "statusDetails" : "AssertionError: STEP: When the admin retrieves logs for the time range last 24 hours\n",
        "time" : {
          "start" : 1746705357744,
          "stop" : 1746705358316,
          "duration" : 572
        }
      }, {
        "uid" : "851b62523af71006",
        "reportUrl" : "https://Trustpoint-Project.github.io/trustpoint/16/#testresult/851b62523af71006",
        "status" : "failed",
        "statusDetails" : "AssertionError: STEP: When the admin retrieves logs for the time range last 24 hours\n",
        "time" : {
          "start" : 1746616908983,
          "stop" : 1746616909571,
          "duration" : 588
        }
      } ]
    },
    "tags" : [ ]
  },
  "source" : "62a3ee588618a48c.json",
  "parameterValues" : [ "user", "last 24 hours" ]
}